TN:
SF:/home/pavle/Desktop/2023_Analysis_04-slagalica/04-slagalica/src/server/player.cpp
FN:3,_ZN6PlayerC2Ev
FNDA:27,_ZN6PlayerC2Ev
FNF:1
FNH:1
DA:3,27
DA:5,27
DA:6,27
DA:7,27
DA:8,27
LF:5
LH:5
end_of_record
TN:
SF:/home/pavle/Desktop/2023_Analysis_04-slagalica/04-slagalica/src/server/server.cpp
FN:8,_ZN6ServerC2EP7QObject
FN:14,_ZN6Server11startServerEv
FN:34,_ZN6Server19newClientConnectionEv
FN:65,_ZN6Server18socketDisconnectedEv
FN:87,_ZN6Server12readKoZnaZnaEv
FN:121,_ZN6Server12readSpojniceEv
FN:154,_ZN6Server15readAsocijacijeEv
FN:206,_ZN6Server15socketReadyReadEv
FN:226,_ZZN6Server15socketReadyReadEvENKUlPK9GameModelE_clES2_
FN:250,_ZZN6Server15socketReadyReadEvENKUlPK9GameModelS2_E0_clES2_S2_
FN:335,_ZN6Server13skockoAttemptE5QListI7QStringE
FN:389,_ZN6Server22returnKoZnaZnaQuestionE5QListI7QStringE
FN:401,_ZN6Server15koZnaZnaAttemptE5QListI7QStringE
FN:425,_ZN6Server21calculateSkockoPointsE7QStringS0_
FN:439,_ZN6Server18socketStateChangedEN15QAbstractSocket11SocketStateE
FN:461,_ZN6Server11sendMessageEP10QTcpSocket7QString
FN:468,_ZN6Server11readyPlayerEi
FN:489,_ZN6Server20generateCombinationsEv
FN:497,_ZN6Server25generateSkockoCombinationEv
FN:509,_ZN6Server17generate_two_intsEi
FN:525,_ZN6Server27generateKoZnaZnaCombinationEi
FN:550,_ZN6Server15shuffleSpojniceEv
FN:569,_ZN6Server15getPlayerSocketEi
FN:577,_ZN6Server15setPlayerSocketEiP10QTcpSocket
FN:587,_ZN6Server19generateAsocijacijeEv
FN:606,_ZN6Server18checkSkockoAttemptE5QListI5QCharES2_
FN:643,_ZN6Server20checkKoZnaZnaAttemptEiii
FN:657,_ZN6Server20updateKoZnaZnaPointsEv
FN:686,_ZN6Server19returnSpojniceWordsE5QListI7QStringE
FN:705,_ZN6Server20checkSpojniceAttemptE5QListI7QStringE
FN:729,_ZN6Server18sendSpojniceResultE5QListI7QStringE
FN:745,_ZN6Server22returnAssociationFieldE5QListI7QStringE
FN:764,_ZN6Server23checkAssociationAttemptE5QListI7QStringE
FN:807,_ZN6Server26calculateAssociationPointsEi5QCharbb
FN:838,_ZN6Server19associationToStringEv
FN:861,_ZN6Server21sendAssociationResultE5QListI7QStringE
FNDA:0,_ZN6Server20generateCombinationsEv
FNDA:0,_ZN6Server11readyPlayerEi
FNDA:0,_ZN6Server12readSpojniceEv
FNDA:0,_ZN6Server20updateKoZnaZnaPointsEv
FNDA:1,_ZN6Server15shuffleSpojniceEv
FNDA:0,_ZN6Server19returnSpojniceWordsE5QListI7QStringE
FNDA:1,_ZN6Server15getPlayerSocketEi
FNDA:0,_ZN6Server21sendAssociationResultE5QListI7QStringE
FNDA:0,_ZZN6Server15socketReadyReadEvENKUlPK9GameModelE_clES2_
FNDA:0,_ZN6Server22returnKoZnaZnaQuestionE5QListI7QStringE
FNDA:0,_ZN6Server12readKoZnaZnaEv
FNDA:0,_ZN6Server15socketReadyReadEv
FNDA:0,_ZN6Server20checkSpojniceAttemptE5QListI7QStringE
FNDA:0,_ZN6Server19generateAsocijacijeEv
FNDA:1,_ZN6Server18socketDisconnectedEv
FNDA:0,_ZN6Server18socketStateChangedEN15QAbstractSocket11SocketStateE
FNDA:0,_ZN6Server15readAsocijacijeEv
FNDA:40,_ZN6Server21calculateSkockoPointsE7QStringS0_
FNDA:0,_ZZN6Server15socketReadyReadEvENKUlPK9GameModelS2_E0_clES2_S2_
FNDA:1296,_ZN6Server18checkSkockoAttemptE5QListI5QCharES2_
FNDA:0,_ZN6Server22returnAssociationFieldE5QListI7QStringE
FNDA:1,_ZN6Server17generate_two_intsEi
FNDA:2,_ZN6Server25generateSkockoCombinationEv
FNDA:2,_ZN6Server27generateKoZnaZnaCombinationEi
FNDA:50,_ZN6Server20checkKoZnaZnaAttemptEiii
FNDA:0,_ZN6Server15koZnaZnaAttemptE5QListI7QStringE
FNDA:0,_ZN6Server19newClientConnectionEv
FNDA:0,_ZN6Server13skockoAttemptE5QListI7QStringE
FNDA:40,_ZN6Server26calculateAssociationPointsEi5QCharbb
FNDA:1,_ZN6Server15setPlayerSocketEiP10QTcpSocket
FNDA:11,_ZN6ServerC2EP7QObject
FNDA:0,_ZN6Server23checkAssociationAttemptE5QListI7QStringE
FNDA:1,_ZN6Server19associationToStringEv
FNDA:0,_ZN6Server18sendSpojniceResultE5QListI7QStringE
FNDA:1,_ZN6Server11startServerEv
FNDA:0,_ZN6Server11sendMessageEP10QTcpSocket7QString
FNF:36
FNH:14
BRDA:9,0,0,11
BRDA:9,0,1,0
BRDA:9,0,2,11
BRDA:9,0,3,0
BRDA:9,0,4,11
BRDA:9,0,5,0
BRDA:9,0,6,11
BRDA:9,0,7,0
BRDA:16,0,0,1
BRDA:16,0,1,0
BRDA:19,0,0,1
BRDA:19,0,1,0
BRDA:21,0,0,1
BRDA:21,0,1,0
BRDA:21,0,2,0
BRDA:21,0,3,1
BRDA:23,0,0,-
BRDA:23,0,1,-
BRDA:23,0,2,-
BRDA:23,0,3,-
BRDA:27,0,0,1
BRDA:27,0,1,0
BRDA:27,0,2,1
BRDA:27,0,3,0
BRDA:27,0,4,1
BRDA:27,0,5,0
BRDA:30,0,0,1
BRDA:30,0,1,0
BRDA:31,0,0,1
BRDA:31,0,1,0
BRDA:38,0,0,-
BRDA:38,0,1,-
BRDA:39,0,0,-
BRDA:39,0,1,-
BRDA:40,0,0,-
BRDA:40,0,1,-
BRDA:42,0,0,-
BRDA:42,0,1,-
BRDA:47,0,0,-
BRDA:47,0,1,-
BRDA:48,0,0,-
BRDA:48,0,1,-
BRDA:48,0,2,-
BRDA:48,0,3,-
BRDA:50,0,0,-
BRDA:50,0,1,-
BRDA:54,0,0,-
BRDA:54,0,1,-
BRDA:56,0,0,-
BRDA:56,0,1,-
BRDA:56,0,2,-
BRDA:56,0,3,-
BRDA:61,0,0,-
BRDA:61,0,1,-
BRDA:61,0,2,-
BRDA:61,0,3,-
BRDA:69,0,0,0
BRDA:69,0,1,1
BRDA:71,0,0,-
BRDA:71,0,1,-
BRDA:76,0,0,1
BRDA:76,0,1,0
BRDA:81,0,0,1
BRDA:81,0,1,0
BRDA:82,0,0,1
BRDA:82,0,1,0
BRDA:84,0,0,1
BRDA:84,0,1,0
BRDA:84,0,2,1
BRDA:84,0,3,0
BRDA:90,0,0,-
BRDA:90,0,1,-
BRDA:91,0,0,-
BRDA:91,0,1,-
BRDA:95,0,0,-
BRDA:95,0,1,-
BRDA:95,0,2,-
BRDA:95,0,3,-
BRDA:96,0,0,-
BRDA:96,0,1,-
BRDA:97,0,0,-
BRDA:97,0,1,-
BRDA:100,0,0,-
BRDA:100,0,1,-
BRDA:100,0,2,-
BRDA:100,0,3,-
BRDA:101,0,0,-
BRDA:101,0,1,-
BRDA:102,0,0,-
BRDA:102,0,1,-
BRDA:105,0,0,-
BRDA:105,0,1,-
BRDA:107,0,0,-
BRDA:107,0,1,-
BRDA:108,0,0,-
BRDA:108,0,1,-
BRDA:109,0,0,-
BRDA:109,0,1,-
BRDA:109,0,2,-
BRDA:109,0,3,-
BRDA:112,0,0,-
BRDA:112,0,1,-
BRDA:114,0,0,-
BRDA:114,0,1,-
BRDA:114,0,2,-
BRDA:114,0,3,-
BRDA:114,0,4,-
BRDA:114,0,5,-
BRDA:114,0,6,-
BRDA:114,0,7,-
BRDA:114,0,8,-
BRDA:114,0,9,-
BRDA:117,0,0,-
BRDA:117,0,1,-
BRDA:117,0,2,-
BRDA:117,0,3,-
BRDA:123,0,0,-
BRDA:123,0,1,-
BRDA:124,0,0,-
BRDA:124,0,1,-
BRDA:125,0,0,-
BRDA:125,0,1,-
BRDA:126,0,0,-
BRDA:126,0,1,-
BRDA:132,0,0,-
BRDA:132,0,1,-
BRDA:132,0,2,-
BRDA:132,0,3,-
BRDA:133,0,0,-
BRDA:133,0,1,-
BRDA:133,0,2,-
BRDA:133,0,3,-
BRDA:135,0,0,-
BRDA:135,0,1,-
BRDA:137,0,0,-
BRDA:137,0,1,-
BRDA:138,0,0,-
BRDA:138,0,1,-
BRDA:138,0,2,-
BRDA:138,0,3,-
BRDA:138,0,4,-
BRDA:138,0,5,-
BRDA:141,0,0,-
BRDA:141,0,1,-
BRDA:141,0,2,-
BRDA:141,0,3,-
BRDA:142,0,0,-
BRDA:142,0,1,-
BRDA:142,0,2,-
BRDA:142,0,3,-
BRDA:142,0,4,-
BRDA:142,0,5,-
BRDA:143,0,0,-
BRDA:143,0,1,-
BRDA:143,0,2,-
BRDA:143,0,3,-
BRDA:143,0,4,-
BRDA:143,0,5,-
BRDA:144,0,0,-
BRDA:144,0,1,-
BRDA:144,0,2,-
BRDA:144,0,3,-
BRDA:144,0,4,-
BRDA:144,0,5,-
BRDA:145,0,0,-
BRDA:145,0,1,-
BRDA:145,0,2,-
BRDA:145,0,3,-
BRDA:145,0,4,-
BRDA:145,0,5,-
BRDA:148,0,0,-
BRDA:148,0,1,-
BRDA:150,0,0,-
BRDA:150,0,1,-
BRDA:150,0,2,-
BRDA:150,0,3,-
BRDA:151,0,0,-
BRDA:151,0,1,-
BRDA:156,0,0,-
BRDA:156,0,1,-
BRDA:157,0,0,-
BRDA:157,0,1,-
BRDA:158,0,0,-
BRDA:158,0,1,-
BRDA:159,0,0,-
BRDA:159,0,1,-
BRDA:166,0,0,-
BRDA:166,0,1,-
BRDA:166,0,2,-
BRDA:166,0,3,-
BRDA:167,0,0,-
BRDA:167,0,1,-
BRDA:167,0,2,-
BRDA:167,0,3,-
BRDA:169,0,0,-
BRDA:169,0,1,-
BRDA:172,0,0,-
BRDA:172,0,1,-
BRDA:173,0,0,-
BRDA:173,0,1,-
BRDA:173,0,2,-
BRDA:173,0,3,-
BRDA:173,0,4,-
BRDA:173,0,5,-
BRDA:176,0,0,-
BRDA:176,0,1,-
BRDA:176,0,2,-
BRDA:176,0,3,-
BRDA:176,0,4,-
BRDA:176,0,5,-
BRDA:178,0,0,-
BRDA:178,0,1,-
BRDA:178,0,2,-
BRDA:178,0,3,-
BRDA:179,0,0,-
BRDA:179,0,1,-
BRDA:179,0,2,-
BRDA:179,0,3,-
BRDA:179,0,4,-
BRDA:179,0,5,-
BRDA:180,0,0,-
BRDA:180,0,1,-
BRDA:180,0,2,-
BRDA:180,0,3,-
BRDA:180,0,4,-
BRDA:180,0,5,-
BRDA:180,0,6,-
BRDA:180,0,7,-
BRDA:180,0,8,-
BRDA:180,0,9,-
BRDA:180,0,10,-
BRDA:180,0,11,-
BRDA:181,0,0,-
BRDA:181,0,1,-
BRDA:181,0,2,-
BRDA:181,0,3,-
BRDA:183,0,0,-
BRDA:183,0,1,-
BRDA:183,0,2,-
BRDA:183,0,3,-
BRDA:184,0,0,-
BRDA:184,0,1,-
BRDA:184,0,2,-
BRDA:184,0,3,-
BRDA:184,0,4,-
BRDA:184,0,5,-
BRDA:185,0,0,-
BRDA:185,0,1,-
BRDA:185,0,2,-
BRDA:185,0,3,-
BRDA:185,0,4,-
BRDA:185,0,5,-
BRDA:186,0,0,-
BRDA:186,0,1,-
BRDA:188,0,0,-
BRDA:188,0,1,-
BRDA:188,0,2,-
BRDA:188,0,3,-
BRDA:188,0,4,-
BRDA:188,0,5,-
BRDA:188,0,6,-
BRDA:188,0,7,-
BRDA:192,0,0,-
BRDA:192,0,1,-
BRDA:195,0,0,-
BRDA:195,0,1,-
BRDA:195,0,2,-
BRDA:195,0,3,-
BRDA:195,0,4,-
BRDA:195,0,5,-
BRDA:195,0,6,-
BRDA:195,0,7,-
BRDA:195,0,8,-
BRDA:195,0,9,-
BRDA:195,0,10,-
BRDA:195,0,11,-
BRDA:196,0,0,-
BRDA:196,0,1,-
BRDA:196,0,2,-
BRDA:196,0,3,-
BRDA:197,0,0,-
BRDA:197,0,1,-
BRDA:197,0,2,-
BRDA:197,0,3,-
BRDA:198,0,0,-
BRDA:198,0,1,-
BRDA:198,0,2,-
BRDA:198,0,3,-
BRDA:198,0,4,-
BRDA:198,0,5,-
BRDA:198,0,6,-
BRDA:198,0,7,-
BRDA:200,0,0,-
BRDA:200,0,1,-
BRDA:200,0,2,-
BRDA:200,0,3,-
BRDA:201,0,0,-
BRDA:201,0,1,-
BRDA:208,0,0,-
BRDA:208,0,1,-
BRDA:208,0,2,-
BRDA:208,0,3,-
BRDA:209,0,0,-
BRDA:209,0,1,-
BRDA:209,0,2,-
BRDA:209,0,3,-
BRDA:209,0,4,-
BRDA:209,0,5,-
BRDA:210,0,0,-
BRDA:210,0,1,-
BRDA:210,0,2,-
BRDA:210,0,3,-
BRDA:212,0,0,-
BRDA:212,0,1,-
BRDA:212,0,2,-
BRDA:212,0,3,-
BRDA:212,0,4,-
BRDA:212,0,5,-
BRDA:214,0,0,-
BRDA:214,0,1,-
BRDA:214,0,2,-
BRDA:214,0,3,-
BRDA:215,0,0,-
BRDA:215,0,1,-
BRDA:215,0,2,-
BRDA:215,0,3,-
BRDA:216,0,0,-
BRDA:216,0,1,-
BRDA:216,0,2,-
BRDA:216,0,3,-
BRDA:219,0,0,-
BRDA:219,0,1,-
BRDA:221,0,0,-
BRDA:221,0,1,-
BRDA:221,0,2,-
BRDA:221,0,3,-
BRDA:222,0,0,-
BRDA:222,0,1,-
BRDA:224,0,0,-
BRDA:224,0,1,-
BRDA:226,0,0,-
BRDA:226,0,1,-
BRDA:226,0,2,-
BRDA:226,0,3,-
BRDA:226,0,4,-
BRDA:226,0,5,-
BRDA:230,0,0,-
BRDA:230,0,1,-
BRDA:230,0,2,-
BRDA:230,0,3,-
BRDA:231,0,0,-
BRDA:231,0,1,-
BRDA:233,0,0,-
BRDA:233,0,1,-
BRDA:233,0,2,-
BRDA:233,0,3,-
BRDA:233,0,4,-
BRDA:233,0,5,-
BRDA:236,0,0,-
BRDA:236,0,1,-
BRDA:236,0,2,-
BRDA:236,0,3,-
BRDA:239,0,0,-
BRDA:239,0,1,-
BRDA:239,0,2,-
BRDA:239,0,3,-
BRDA:240,0,0,-
BRDA:240,0,1,-
BRDA:240,0,2,-
BRDA:240,0,3,-
BRDA:240,0,4,-
BRDA:240,0,5,-
BRDA:242,0,0,-
BRDA:242,0,1,-
BRDA:242,0,2,-
BRDA:242,0,3,-
BRDA:243,0,0,-
BRDA:243,0,1,-
BRDA:243,0,2,-
BRDA:243,0,3,-
BRDA:244,0,0,-
BRDA:244,0,1,-
BRDA:244,0,2,-
BRDA:244,0,3,-
BRDA:245,0,0,-
BRDA:245,0,1,-
BRDA:245,0,2,-
BRDA:245,0,3,-
BRDA:246,0,0,-
BRDA:246,0,1,-
BRDA:248,0,0,-
BRDA:248,0,1,-
BRDA:250,0,0,-
BRDA:250,0,1,-
BRDA:250,0,2,-
BRDA:250,0,3,-
BRDA:250,0,4,-
BRDA:250,0,5,-
BRDA:251,0,0,-
BRDA:251,0,1,-
BRDA:254,0,0,-
BRDA:254,0,1,-
BRDA:258,0,0,-
BRDA:258,0,1,-
BRDA:260,0,0,-
BRDA:260,0,1,-
BRDA:261,0,0,-
BRDA:261,0,1,-
BRDA:261,0,2,-
BRDA:261,0,3,-
BRDA:261,0,4,-
BRDA:261,0,5,-
BRDA:261,0,6,-
BRDA:261,0,7,-
BRDA:261,0,8,-
BRDA:261,0,9,-
BRDA:263,0,0,-
BRDA:263,0,1,-
BRDA:265,0,0,-
BRDA:265,0,1,-
BRDA:265,0,2,-
BRDA:265,0,3,-
BRDA:265,0,4,-
BRDA:265,0,5,-
BRDA:267,0,0,-
BRDA:267,0,1,-
BRDA:267,0,2,-
BRDA:267,0,3,-
BRDA:268,0,0,-
BRDA:268,0,1,-
BRDA:271,0,0,-
BRDA:271,0,1,-
BRDA:275,0,0,-
BRDA:275,0,1,-
BRDA:275,0,2,-
BRDA:275,0,3,-
BRDA:277,0,0,-
BRDA:277,0,1,-
BRDA:277,0,2,-
BRDA:277,0,3,-
BRDA:279,0,0,-
BRDA:279,0,1,-
BRDA:281,0,0,-
BRDA:281,0,1,-
BRDA:281,0,2,-
BRDA:281,0,3,-
BRDA:283,0,0,-
BRDA:283,0,1,-
BRDA:285,0,0,-
BRDA:285,0,1,-
BRDA:285,0,2,-
BRDA:285,0,3,-
BRDA:286,0,0,-
BRDA:286,0,1,-
BRDA:287,0,0,-
BRDA:287,0,1,-
BRDA:287,0,2,-
BRDA:287,0,3,-
BRDA:288,0,0,-
BRDA:288,0,1,-
BRDA:290,0,0,-
BRDA:290,0,1,-
BRDA:290,0,2,-
BRDA:290,0,3,-
BRDA:294,0,0,-
BRDA:294,0,1,-
BRDA:294,0,2,-
BRDA:294,0,3,-
BRDA:296,0,0,-
BRDA:296,0,1,-
BRDA:296,0,2,-
BRDA:296,0,3,-
BRDA:297,0,0,-
BRDA:297,0,1,-
BRDA:298,0,0,-
BRDA:298,0,1,-
BRDA:298,0,2,-
BRDA:298,0,3,-
BRDA:299,0,0,-
BRDA:299,0,1,-
BRDA:301,0,0,-
BRDA:301,0,1,-
BRDA:301,0,2,-
BRDA:301,0,3,-
BRDA:301,0,4,-
BRDA:301,0,5,-
BRDA:301,0,6,-
BRDA:301,0,7,-
BRDA:304,0,0,-
BRDA:304,0,1,-
BRDA:304,0,2,-
BRDA:304,0,3,-
BRDA:306,0,0,-
BRDA:306,0,1,-
BRDA:306,0,2,-
BRDA:306,0,3,-
BRDA:308,0,0,-
BRDA:308,0,1,-
BRDA:310,0,0,-
BRDA:310,0,1,-
BRDA:310,0,2,-
BRDA:310,0,3,-
BRDA:311,0,0,-
BRDA:311,0,1,-
BRDA:312,0,0,-
BRDA:312,0,1,-
BRDA:312,0,2,-
BRDA:312,0,3,-
BRDA:313,0,0,-
BRDA:313,0,1,-
BRDA:316,0,0,-
BRDA:316,0,1,-
BRDA:316,0,2,-
BRDA:316,0,3,-
BRDA:318,0,0,-
BRDA:318,0,1,-
BRDA:318,0,2,-
BRDA:318,0,3,-
BRDA:319,0,0,-
BRDA:319,0,1,-
BRDA:321,0,0,-
BRDA:321,0,1,-
BRDA:321,0,2,-
BRDA:321,0,3,-
BRDA:322,0,0,-
BRDA:322,0,1,-
BRDA:325,0,0,-
BRDA:325,0,1,-
BRDA:325,0,2,-
BRDA:325,0,3,-
BRDA:327,0,0,-
BRDA:327,0,1,-
BRDA:327,0,2,-
BRDA:327,0,3,-
BRDA:337,0,0,-
BRDA:337,0,1,-
BRDA:339,0,0,-
BRDA:339,0,1,-
BRDA:339,0,2,-
BRDA:339,0,3,-
BRDA:339,0,4,-
BRDA:339,0,5,-
BRDA:340,0,0,-
BRDA:340,0,1,-
BRDA:343,0,0,-
BRDA:343,0,1,-
BRDA:343,0,2,-
BRDA:343,0,3,-
BRDA:345,0,0,-
BRDA:345,0,1,-
BRDA:347,0,0,-
BRDA:347,0,1,-
BRDA:347,0,2,-
BRDA:347,0,3,-
BRDA:349,0,0,-
BRDA:349,0,1,-
BRDA:352,0,0,-
BRDA:352,0,1,-
BRDA:352,0,2,-
BRDA:352,0,3,-
BRDA:354,0,0,-
BRDA:354,0,1,-
BRDA:355,0,0,-
BRDA:355,0,1,-
BRDA:356,0,0,-
BRDA:356,0,1,-
BRDA:357,0,0,-
BRDA:357,0,1,-
BRDA:357,0,2,-
BRDA:357,0,3,-
BRDA:357,0,4,-
BRDA:357,0,5,-
BRDA:357,0,6,-
BRDA:357,0,7,-
BRDA:358,0,0,-
BRDA:358,0,1,-
BRDA:360,0,0,-
BRDA:360,0,1,-
BRDA:360,0,2,-
BRDA:360,0,3,-
BRDA:362,0,0,-
BRDA:362,0,1,-
BRDA:363,0,0,-
BRDA:363,0,1,-
BRDA:363,0,2,-
BRDA:363,0,3,-
BRDA:364,0,0,-
BRDA:364,0,1,-
BRDA:366,0,0,-
BRDA:366,0,1,-
BRDA:368,0,0,-
BRDA:368,0,1,-
BRDA:369,0,0,-
BRDA:369,0,1,-
BRDA:374,0,0,-
BRDA:374,0,1,-
BRDA:374,0,2,-
BRDA:374,0,3,-
BRDA:375,0,0,-
BRDA:375,0,1,-
BRDA:376,0,0,-
BRDA:376,0,1,-
BRDA:377,0,0,-
BRDA:377,0,1,-
BRDA:378,0,0,-
BRDA:378,0,1,-
BRDA:381,0,0,-
BRDA:381,0,1,-
BRDA:382,0,0,-
BRDA:382,0,1,-
BRDA:383,0,0,-
BRDA:383,0,1,-
BRDA:384,0,0,-
BRDA:384,0,1,-
BRDA:392,0,0,-
BRDA:392,0,1,-
BRDA:392,0,2,-
BRDA:392,0,3,-
BRDA:393,0,0,-
BRDA:393,0,1,-
BRDA:393,0,2,-
BRDA:393,0,3,-
BRDA:393,0,4,-
BRDA:393,0,5,-
BRDA:395,0,0,-
BRDA:395,0,1,-
BRDA:395,0,2,-
BRDA:395,0,3,-
BRDA:396,0,0,-
BRDA:396,0,1,-
BRDA:396,0,2,-
BRDA:396,0,3,-
BRDA:398,0,0,-
BRDA:398,0,1,-
BRDA:398,0,2,-
BRDA:398,0,3,-
BRDA:404,0,0,-
BRDA:404,0,1,-
BRDA:404,0,2,-
BRDA:404,0,3,-
BRDA:405,0,0,-
BRDA:405,0,1,-
BRDA:405,0,2,-
BRDA:405,0,3,-
BRDA:406,0,0,-
BRDA:406,0,1,-
BRDA:406,0,2,-
BRDA:406,0,3,-
BRDA:407,0,0,-
BRDA:407,0,1,-
BRDA:407,0,2,-
BRDA:407,0,3,-
BRDA:407,0,4,-
BRDA:407,0,5,-
BRDA:407,0,6,-
BRDA:407,0,7,-
BRDA:407,0,8,-
BRDA:407,0,9,-
BRDA:409,0,0,-
BRDA:409,0,1,-
BRDA:409,0,2,-
BRDA:409,0,3,-
BRDA:409,0,4,-
BRDA:409,0,5,-
BRDA:410,0,0,-
BRDA:410,0,1,-
BRDA:410,0,2,-
BRDA:410,0,3,-
BRDA:412,0,0,-
BRDA:412,0,1,-
BRDA:412,0,2,-
BRDA:412,0,3,-
BRDA:413,0,0,-
BRDA:413,0,1,-
BRDA:413,0,2,-
BRDA:413,0,3,-
BRDA:415,0,0,-
BRDA:415,0,1,-
BRDA:415,0,2,-
BRDA:415,0,3,-
BRDA:417,0,0,-
BRDA:417,0,1,-
BRDA:417,0,2,-
BRDA:417,0,3,-
BRDA:418,0,0,-
BRDA:418,0,1,-
BRDA:418,0,2,-
BRDA:418,0,3,-
BRDA:420,0,0,-
BRDA:420,0,1,-
BRDA:421,0,0,-
BRDA:421,0,1,-
BRDA:427,0,0,8
BRDA:427,0,1,32
BRDA:428,0,0,1
BRDA:428,0,1,7
BRDA:431,0,0,1
BRDA:431,0,1,6
BRDA:441,0,0,-
BRDA:441,0,1,-
BRDA:443,0,0,-
BRDA:443,0,1,-
BRDA:444,0,0,-
BRDA:444,0,1,-
BRDA:445,0,0,-
BRDA:445,0,1,-
BRDA:446,0,0,-
BRDA:446,0,1,-
BRDA:447,0,0,-
BRDA:447,0,1,-
BRDA:448,0,0,-
BRDA:448,0,1,-
BRDA:449,0,0,-
BRDA:449,0,1,-
BRDA:450,0,0,-
BRDA:450,0,1,-
BRDA:451,0,0,-
BRDA:451,0,1,-
BRDA:452,0,0,-
BRDA:452,0,1,-
BRDA:453,0,0,-
BRDA:453,0,1,-
BRDA:454,0,0,-
BRDA:454,0,1,-
BRDA:455,0,0,-
BRDA:455,0,1,-
BRDA:456,0,0,-
BRDA:456,0,1,-
BRDA:458,0,0,-
BRDA:458,0,1,-
BRDA:458,0,2,-
BRDA:458,0,3,-
BRDA:463,0,0,-
BRDA:463,0,1,-
BRDA:463,0,2,-
BRDA:463,0,3,-
BRDA:463,0,4,-
BRDA:463,0,5,-
BRDA:464,0,0,-
BRDA:464,0,1,-
BRDA:471,0,0,-
BRDA:471,0,1,-
BRDA:475,0,0,-
BRDA:475,0,1,-
BRDA:480,0,0,-
BRDA:480,0,1,-
BRDA:480,0,2,-
BRDA:480,0,3,-
BRDA:482,0,0,-
BRDA:482,0,1,-
BRDA:482,0,2,-
BRDA:482,0,3,-
BRDA:482,0,4,-
BRDA:482,0,5,-
BRDA:483,0,0,-
BRDA:483,0,1,-
BRDA:483,0,2,-
BRDA:483,0,3,-
BRDA:483,0,4,-
BRDA:483,0,5,-
BRDA:500,0,0,2
BRDA:500,0,1,0
BRDA:501,0,0,2
BRDA:501,0,1,0
BRDA:502,0,0,2
BRDA:502,0,1,0
BRDA:502,0,2,2
BRDA:502,0,3,0
BRDA:503,0,0,2
BRDA:503,0,1,0
BRDA:503,0,2,2
BRDA:503,0,3,0
BRDA:503,0,4,2
BRDA:503,0,5,0
BRDA:505,0,0,2
BRDA:505,0,1,0
BRDA:505,0,2,2
BRDA:505,0,3,0
BRDA:505,0,4,2
BRDA:505,0,5,0
BRDA:505,0,6,2
BRDA:505,0,7,0
BRDA:505,0,8,2
BRDA:505,0,9,0
BRDA:512,0,0,1
BRDA:512,0,1,0
BRDA:517,0,0,1
BRDA:517,0,1,0
BRDA:517,0,2,1
BRDA:517,0,3,0
BRDA:518,0,0,1
BRDA:518,0,1,0
BRDA:528,0,0,2
BRDA:528,0,1,0
BRDA:533,0,0,32
BRDA:533,0,1,2
BRDA:536,0,0,32
BRDA:536,0,1,0
BRDA:536,0,2,32
BRDA:536,0,3,0
BRDA:536,0,4,169
BRDA:536,0,5,32
BRDA:537,0,0,12
BRDA:537,0,1,157
BRDA:541,0,0,20
BRDA:541,0,1,12
BRDA:542,0,0,20
BRDA:542,0,1,0
BRDA:555,0,0,1
BRDA:555,0,1,0
BRDA:557,0,0,1
BRDA:557,0,1,0
BRDA:558,0,0,1
BRDA:558,0,1,0
BRDA:558,0,2,1
BRDA:558,0,3,0
BRDA:560,0,0,1
BRDA:560,0,1,0
BRDA:560,0,2,1
BRDA:560,0,3,0
BRDA:560,0,4,1
BRDA:560,0,5,0
BRDA:561,0,0,1
BRDA:561,0,1,0
BRDA:563,0,0,1
BRDA:563,0,1,0
BRDA:563,0,2,1
BRDA:563,0,3,0
BRDA:563,0,4,1
BRDA:563,0,5,0
BRDA:564,0,0,1
BRDA:564,0,1,0
BRDA:566,0,0,1
BRDA:566,0,1,0
BRDA:566,0,2,1
BRDA:566,0,3,0
BRDA:566,0,4,1
BRDA:566,0,5,0
BRDA:566,0,6,1
BRDA:566,0,7,0
BRDA:570,0,0,1
BRDA:570,0,1,0
BRDA:578,0,0,1
BRDA:578,0,1,0
BRDA:591,0,0,-
BRDA:591,0,1,-
BRDA:592,0,0,-
BRDA:592,0,1,-
BRDA:593,0,0,-
BRDA:593,0,1,-
BRDA:594,0,0,-
BRDA:594,0,1,-
BRDA:595,0,0,-
BRDA:595,0,1,-
BRDA:596,0,0,-
BRDA:596,0,1,-
BRDA:597,0,0,-
BRDA:597,0,1,-
BRDA:599,0,0,-
BRDA:599,0,1,-
BRDA:599,0,2,-
BRDA:599,0,3,-
BRDA:601,0,0,-
BRDA:601,0,1,-
BRDA:602,0,0,-
BRDA:602,0,1,-
BRDA:612,0,0,1296
BRDA:612,0,1,0
BRDA:613,0,0,1296
BRDA:613,0,1,0
BRDA:615,0,0,5184
BRDA:615,0,1,1296
BRDA:617,0,0,5184
BRDA:617,0,1,0
BRDA:617,0,2,5184
BRDA:617,0,3,0
BRDA:617,0,4,864
BRDA:617,0,5,4320
BRDA:620,0,0,864
BRDA:620,0,1,0
BRDA:621,0,0,864
BRDA:621,0,1,0
BRDA:625,0,0,5184
BRDA:625,0,1,1296
BRDA:627,0,0,18006
BRDA:627,0,1,3364
BRDA:629,0,0,18006
BRDA:629,0,1,0
BRDA:629,0,2,18006
BRDA:629,0,3,0
BRDA:629,0,4,3456
BRDA:629,0,5,14550
BRDA:629,0,6,3456
BRDA:629,0,7,0
BRDA:629,0,8,1820
BRDA:629,0,9,1636
BRDA:629,0,10,1820
BRDA:629,0,11,0
BRDA:629,0,12,1820
BRDA:629,0,13,0
BRDA:629,0,14,1820
BRDA:629,0,15,16186
BRDA:631,0,0,1820
BRDA:631,0,1,0
BRDA:632,0,0,1820
BRDA:632,0,1,0
BRDA:640,0,0,1296
BRDA:640,0,1,0
BRDA:640,0,2,1296
BRDA:640,0,3,0
BRDA:640,0,4,1296
BRDA:640,0,5,0
BRDA:646,0,0,10
BRDA:646,0,1,40
BRDA:650,0,0,30
BRDA:650,0,1,10
BRDA:659,0,0,-
BRDA:659,0,1,-
BRDA:662,0,0,-
BRDA:662,0,1,-
BRDA:662,0,2,-
BRDA:662,0,3,-
BRDA:662,0,4,-
BRDA:662,0,5,-
BRDA:664,0,0,-
BRDA:664,0,1,-
BRDA:665,0,0,-
BRDA:665,0,1,-
BRDA:667,0,0,-
BRDA:667,0,1,-
BRDA:669,0,0,-
BRDA:669,0,1,-
BRDA:670,0,0,-
BRDA:670,0,1,-
BRDA:671,0,0,-
BRDA:671,0,1,-
BRDA:672,0,0,-
BRDA:672,0,1,-
BRDA:674,0,0,-
BRDA:674,0,1,-
BRDA:675,0,0,-
BRDA:675,0,1,-
BRDA:676,0,0,-
BRDA:676,0,1,-
BRDA:677,0,0,-
BRDA:677,0,1,-
BRDA:679,0,0,-
BRDA:679,0,1,-
BRDA:680,0,0,-
BRDA:680,0,1,-
BRDA:682,0,0,-
BRDA:682,0,1,-
BRDA:688,0,0,-
BRDA:688,0,1,-
BRDA:690,0,0,-
BRDA:690,0,1,-
BRDA:690,0,2,-
BRDA:690,0,3,-
BRDA:691,0,0,-
BRDA:691,0,1,-
BRDA:691,0,2,-
BRDA:691,0,3,-
BRDA:694,0,0,-
BRDA:694,0,1,-
BRDA:694,0,2,-
BRDA:694,0,3,-
BRDA:694,0,4,-
BRDA:694,0,5,-
BRDA:695,0,0,-
BRDA:695,0,1,-
BRDA:695,0,2,-
BRDA:695,0,3,-
BRDA:697,0,0,-
BRDA:697,0,1,-
BRDA:697,0,2,-
BRDA:697,0,3,-
BRDA:697,0,4,-
BRDA:697,0,5,-
BRDA:697,0,6,-
BRDA:697,0,7,-
BRDA:698,0,0,-
BRDA:698,0,1,-
BRDA:698,0,2,-
BRDA:698,0,3,-
BRDA:698,0,4,-
BRDA:698,0,5,-
BRDA:698,0,6,-
BRDA:698,0,7,-
BRDA:698,0,8,-
BRDA:698,0,9,-
BRDA:700,0,0,-
BRDA:700,0,1,-
BRDA:700,0,2,-
BRDA:700,0,3,-
BRDA:700,0,4,-
BRDA:700,0,5,-
BRDA:701,0,0,-
BRDA:701,0,1,-
BRDA:702,0,0,-
BRDA:702,0,1,-
BRDA:707,0,0,-
BRDA:707,0,1,-
BRDA:707,0,2,-
BRDA:707,0,3,-
BRDA:708,0,0,-
BRDA:708,0,1,-
BRDA:708,0,2,-
BRDA:708,0,3,-
BRDA:709,0,0,-
BRDA:709,0,1,-
BRDA:709,0,2,-
BRDA:709,0,3,-
BRDA:711,0,0,-
BRDA:711,0,1,-
BRDA:711,0,2,-
BRDA:711,0,3,-
BRDA:711,0,4,-
BRDA:711,0,5,-
BRDA:711,0,6,-
BRDA:711,0,7,-
BRDA:711,0,8,-
BRDA:711,0,9,-
BRDA:711,0,10,-
BRDA:711,0,11,-
BRDA:713,0,0,-
BRDA:713,0,1,-
BRDA:714,0,0,-
BRDA:714,0,1,-
BRDA:715,0,0,-
BRDA:715,0,1,-
BRDA:715,0,2,-
BRDA:715,0,3,-
BRDA:715,0,4,-
BRDA:715,0,5,-
BRDA:717,0,0,-
BRDA:717,0,1,-
BRDA:717,0,2,-
BRDA:717,0,3,-
BRDA:718,0,0,-
BRDA:718,0,1,-
BRDA:720,0,0,-
BRDA:720,0,1,-
BRDA:723,0,0,-
BRDA:723,0,1,-
BRDA:725,0,0,-
BRDA:725,0,1,-
BRDA:726,0,0,-
BRDA:726,0,1,-
BRDA:731,0,0,-
BRDA:731,0,1,-
BRDA:731,0,2,-
BRDA:731,0,3,-
BRDA:733,0,0,-
BRDA:733,0,1,-
BRDA:734,0,0,-
BRDA:734,0,1,-
BRDA:735,0,0,-
BRDA:735,0,1,-
BRDA:735,0,2,-
BRDA:735,0,3,-
BRDA:735,0,4,-
BRDA:735,0,5,-
BRDA:736,0,0,-
BRDA:736,0,1,-
BRDA:737,0,0,-
BRDA:737,0,1,-
BRDA:737,0,2,-
BRDA:737,0,3,-
BRDA:737,0,4,-
BRDA:737,0,5,-
BRDA:737,0,6,-
BRDA:737,0,7,-
BRDA:737,0,8,-
BRDA:737,0,9,-
BRDA:739,0,0,-
BRDA:739,0,1,-
BRDA:739,0,2,-
BRDA:739,0,3,-
BRDA:740,0,0,-
BRDA:740,0,1,-
BRDA:741,0,0,-
BRDA:741,0,1,-
BRDA:741,0,2,-
BRDA:741,0,3,-
BRDA:742,0,0,-
BRDA:742,0,1,-
BRDA:747,0,0,-
BRDA:747,0,1,-
BRDA:747,0,2,-
BRDA:747,0,3,-
BRDA:748,0,0,-
BRDA:748,0,1,-
BRDA:749,0,0,-
BRDA:749,0,1,-
BRDA:749,0,2,-
BRDA:749,0,3,-
BRDA:751,0,0,-
BRDA:751,0,1,-
BRDA:751,0,2,-
BRDA:751,0,3,-
BRDA:751,0,4,-
BRDA:751,0,5,-
BRDA:751,0,6,-
BRDA:751,0,7,-
BRDA:751,0,8,-
BRDA:751,0,9,-
BRDA:753,0,0,-
BRDA:753,0,1,-
BRDA:753,0,2,-
BRDA:753,0,3,-
BRDA:753,0,4,-
BRDA:753,0,5,-
BRDA:754,0,0,-
BRDA:754,0,1,-
BRDA:754,0,2,-
BRDA:754,0,3,-
BRDA:756,0,0,-
BRDA:756,0,1,-
BRDA:758,0,0,-
BRDA:758,0,1,-
BRDA:759,0,0,-
BRDA:759,0,1,-
BRDA:766,0,0,-
BRDA:766,0,1,-
BRDA:766,0,2,-
BRDA:766,0,3,-
BRDA:767,0,0,-
BRDA:767,0,1,-
BRDA:768,0,0,-
BRDA:768,0,1,-
BRDA:768,0,2,-
BRDA:768,0,3,-
BRDA:771,0,0,-
BRDA:771,0,1,-
BRDA:771,0,2,-
BRDA:771,0,3,-
BRDA:771,0,4,-
BRDA:771,0,5,-
BRDA:772,0,0,-
BRDA:772,0,1,-
BRDA:773,0,0,-
BRDA:773,0,1,-
BRDA:775,0,0,-
BRDA:775,0,1,-
BRDA:775,0,2,-
BRDA:775,0,3,-
BRDA:777,0,0,-
BRDA:777,0,1,-
BRDA:777,0,2,-
BRDA:777,0,3,-
BRDA:777,0,4,-
BRDA:777,0,5,-
BRDA:777,0,6,-
BRDA:777,0,7,-
BRDA:780,0,0,-
BRDA:780,0,1,-
BRDA:781,0,0,-
BRDA:781,0,1,-
BRDA:782,0,0,-
BRDA:782,0,1,-
BRDA:784,0,0,-
BRDA:784,0,1,-
BRDA:785,0,0,-
BRDA:785,0,1,-
BRDA:785,0,2,-
BRDA:785,0,3,-
BRDA:786,0,0,-
BRDA:786,0,1,-
BRDA:786,0,2,-
BRDA:786,0,3,-
BRDA:786,0,4,-
BRDA:786,0,5,-
BRDA:788,0,0,-
BRDA:788,0,1,-
BRDA:788,0,2,-
BRDA:788,0,3,-
BRDA:788,0,4,-
BRDA:788,0,5,-
BRDA:790,0,0,-
BRDA:790,0,1,-
BRDA:792,0,0,-
BRDA:792,0,1,-
BRDA:794,0,0,-
BRDA:794,0,1,-
BRDA:794,0,2,-
BRDA:794,0,3,-
BRDA:794,0,4,-
BRDA:794,0,5,-
BRDA:798,0,0,-
BRDA:798,0,1,-
BRDA:798,0,2,-
BRDA:798,0,3,-
BRDA:798,0,4,-
BRDA:798,0,5,-
BRDA:798,0,6,-
BRDA:798,0,7,-
BRDA:798,0,8,-
BRDA:798,0,9,-
BRDA:799,0,0,-
BRDA:799,0,1,-
BRDA:799,0,2,-
BRDA:799,0,3,-
BRDA:803,0,0,-
BRDA:803,0,1,-
BRDA:804,0,0,-
BRDA:804,0,1,-
BRDA:811,0,0,20
BRDA:811,0,1,20
BRDA:813,0,0,10
BRDA:813,0,1,10
BRDA:815,0,0,2
BRDA:815,0,1,8
BRDA:817,0,0,2
BRDA:817,0,1,0
BRDA:817,0,2,2
BRDA:817,0,3,0
BRDA:817,0,4,2
BRDA:817,0,5,0
BRDA:817,0,6,10
BRDA:817,0,7,2
BRDA:840,0,0,2
BRDA:840,0,1,1
BRDA:842,0,0,2
BRDA:842,0,1,0
BRDA:844,0,0,2
BRDA:844,0,1,0
BRDA:844,0,2,2
BRDA:844,0,3,0
BRDA:844,0,4,2
BRDA:844,0,5,0
BRDA:844,0,6,10
BRDA:844,0,7,2
BRDA:846,0,0,10
BRDA:846,0,1,0
BRDA:846,0,2,10
BRDA:846,0,3,0
BRDA:848,0,0,2
BRDA:848,0,1,0
BRDA:848,0,2,2
BRDA:848,0,3,0
BRDA:848,0,4,2
BRDA:848,0,5,0
BRDA:848,0,6,8
BRDA:848,0,7,2
BRDA:850,0,0,8
BRDA:850,0,1,0
BRDA:850,0,2,8
BRDA:850,0,3,0
BRDA:850,0,4,32
BRDA:850,0,5,8
BRDA:851,0,0,32
BRDA:851,0,1,0
BRDA:851,0,2,32
BRDA:851,0,3,0
BRDA:854,0,0,2
BRDA:854,0,1,0
BRDA:855,0,0,2
BRDA:855,0,1,0
BRDA:856,0,0,2
BRDA:856,0,1,0
BRDA:856,0,2,2
BRDA:856,0,3,0
BRDA:856,0,4,2
BRDA:856,0,5,0
BRDA:863,0,0,-
BRDA:863,0,1,-
BRDA:863,0,2,-
BRDA:863,0,3,-
BRDA:865,0,0,-
BRDA:865,0,1,-
BRDA:865,0,2,-
BRDA:865,0,3,-
BRDA:867,0,0,-
BRDA:867,0,1,-
BRDA:867,0,2,-
BRDA:867,0,3,-
BRDA:868,0,0,-
BRDA:868,0,1,-
BRDA:869,0,0,-
BRDA:869,0,1,-
BRDA:869,0,2,-
BRDA:869,0,3,-
BRDA:870,0,0,-
BRDA:870,0,1,-
BRF:1284
BRH:142
DA:8,11
DA:9,11
DA:11,11
DA:12,11
DA:14,1
DA:16,1
DA:17,1
DA:18,1
DA:19,1
DA:21,1
DA:23,0
DA:27,1
DA:30,1
DA:31,1
DA:32,1
DA:34,0
DA:36,0
DA:38,0
DA:39,0
DA:40,0
DA:42,0
DA:44,0
DA:45,0
DA:47,0
DA:48,0
DA:50,0
DA:52,0
DA:53,0
DA:54,0
DA:56,0
DA:60,0
DA:61,0
DA:63,0
DA:65,1
DA:68,1
DA:69,1
DA:71,0
DA:72,0
DA:76,1
DA:77,1
DA:81,1
DA:82,1
DA:84,1
DA:86,1
DA:87,0
DA:89,0
DA:90,0
DA:91,0
DA:92,0
DA:93,0
DA:95,0
DA:96,0
DA:97,0
DA:98,0
DA:100,0
DA:101,0
DA:102,0
DA:104,0
DA:105,0
DA:107,0
DA:108,0
DA:109,0
DA:112,0
DA:114,0
DA:117,0
DA:119,0
DA:121,0
DA:123,0
DA:124,0
DA:125,0
DA:126,0
DA:128,0
DA:130,0
DA:132,0
DA:133,0
DA:135,0
DA:137,0
DA:138,0
DA:139,0
DA:140,0
DA:141,0
DA:142,0
DA:143,0
DA:144,0
DA:145,0
DA:146,0
DA:148,0
DA:149,0
DA:150,0
DA:151,0
DA:152,0
DA:154,0
DA:156,0
DA:157,0
DA:158,0
DA:159,0
DA:160,0
DA:162,0
DA:163,0
DA:164,0
DA:166,0
DA:167,0
DA:169,0
DA:172,0
DA:173,0
DA:174,0
DA:175,0
DA:176,0
DA:178,0
DA:179,0
DA:180,0
DA:181,0
DA:182,0
DA:183,0
DA:184,0
DA:185,0
DA:186,0
DA:187,0
DA:188,0
DA:190,0
DA:192,0
DA:193,0
DA:195,0
DA:196,0
DA:197,0
DA:198,0
DA:199,0
DA:200,0
DA:201,0
DA:202,0
DA:205,0
DA:206,0
DA:208,0
DA:209,0
DA:210,0
DA:212,0
DA:214,0
DA:215,0
DA:216,0
DA:219,0
DA:221,0
DA:222,0
DA:224,0
DA:226,0
DA:227,0
DA:230,0
DA:231,0
DA:233,0
DA:236,0
DA:237,0
DA:239,0
DA:240,0
DA:242,0
DA:243,0
DA:244,0
DA:245,0
DA:246,0
DA:248,0
DA:250,0
DA:251,0
DA:252,0
DA:254,0
DA:258,0
DA:260,0
DA:261,0
DA:263,0
DA:265,0
DA:267,0
DA:268,0
DA:271,0
DA:273,0
DA:275,0
DA:277,0
DA:279,0
DA:281,0
DA:283,0
DA:285,0
DA:286,0
DA:287,0
DA:288,0
DA:290,0
DA:294,0
DA:296,0
DA:297,0
DA:298,0
DA:299,0
DA:301,0
DA:304,0
DA:306,0
DA:308,0
DA:310,0
DA:311,0
DA:312,0
DA:313,0
DA:316,0
DA:318,0
DA:319,0
DA:321,0
DA:322,0
DA:325,0
DA:327,0
DA:328,0
DA:330,0
DA:334,0
DA:335,0
DA:337,0
DA:338,0
DA:339,0
DA:340,0
DA:342,0
DA:343,0
DA:345,0
DA:347,0
DA:349,0
DA:352,0
DA:354,0
DA:355,0
DA:356,0
DA:357,0
DA:358,0
DA:360,0
DA:362,0
DA:363,0
DA:364,0
DA:366,0
DA:368,0
DA:369,0
DA:374,0
DA:375,0
DA:376,0
DA:377,0
DA:378,0
DA:381,0
DA:382,0
DA:383,0
DA:384,0
DA:387,0
DA:389,0
DA:392,0
DA:393,0
DA:395,0
DA:396,0
DA:398,0
DA:400,0
DA:401,0
DA:404,0
DA:405,0
DA:406,0
DA:407,0
DA:409,0
DA:410,0
DA:412,0
DA:413,0
DA:415,0
DA:417,0
DA:418,0
DA:420,0
DA:421,0
DA:422,0
DA:425,40
DA:427,40
DA:428,8
DA:429,1
DA:431,7
DA:432,1
DA:434,6
DA:436,32
DA:439,0
DA:441,0
DA:443,0
DA:444,0
DA:445,0
DA:446,0
DA:447,0
DA:448,0
DA:449,0
DA:450,0
DA:451,0
DA:452,0
DA:453,0
DA:454,0
DA:455,0
DA:456,0
DA:458,0
DA:459,0
DA:461,0
DA:463,0
DA:464,0
DA:465,0
DA:467,0
DA:468,0
DA:471,0
DA:472,0
DA:475,0
DA:476,0
DA:478,0
DA:480,0
DA:481,0
DA:482,0
DA:483,0
DA:489,0
DA:491,0
DA:492,0
DA:493,0
DA:494,0
DA:495,0
DA:496,0
DA:497,2
DA:500,2
DA:501,2
DA:502,2
DA:503,2
DA:505,2
DA:507,4
DA:508,2
DA:509,1
DA:511,1
DA:512,1
DA:516,1
DA:517,1
DA:518,1
DA:519,1
DA:522,1
DA:523,0
DA:525,2
DA:527,2
DA:528,2
DA:529,2
DA:531,2
DA:533,34
DA:534,32
DA:535,32
DA:536,201
DA:537,169
DA:538,12
DA:541,32
DA:542,20
DA:545,2
DA:546,0
DA:550,1
DA:552,1
DA:554,1
DA:555,1
DA:557,1
DA:558,1
DA:560,1
DA:561,1
DA:563,1
DA:564,1
DA:566,1
DA:567,1
DA:569,1
DA:570,1
DA:571,1
DA:574,0
DA:577,1
DA:578,1
DA:579,1
DA:582,0
DA:585,1
DA:587,0
DA:589,0
DA:590,0
DA:591,0
DA:592,0
DA:593,0
DA:594,0
DA:595,0
DA:596,0
DA:597,0
DA:599,0
DA:601,0
DA:602,0
DA:604,0
DA:606,1296
DA:609,1296
DA:610,1296
DA:612,1296
DA:613,1296
DA:615,6480
DA:617,5184
DA:619,864
DA:620,864
DA:621,864
DA:625,6480
DA:627,21370
DA:629,18006
DA:631,1820
DA:632,1820
DA:633,1820
DA:634,1820
DA:640,3888
DA:641,1296
DA:643,50
DA:646,50
DA:647,10
DA:650,40
DA:651,30
DA:653,10
DA:657,0
DA:659,0
DA:660,0
DA:662,0
DA:664,0
DA:665,0
DA:667,0
DA:669,0
DA:670,0
DA:671,0
DA:672,0
DA:674,0
DA:675,0
DA:676,0
DA:677,0
DA:679,0
DA:680,0
DA:682,0
DA:683,0
DA:686,0
DA:688,0
DA:690,0
DA:691,0
DA:692,0
DA:694,0
DA:695,0
DA:697,0
DA:698,0
DA:700,0
DA:701,0
DA:702,0
DA:703,0
DA:705,0
DA:707,0
DA:708,0
DA:709,0
DA:711,0
DA:713,0
DA:714,0
DA:715,0
DA:717,0
DA:718,0
DA:720,0
DA:723,0
DA:725,0
DA:726,0
DA:727,0
DA:729,0
DA:731,0
DA:733,0
DA:734,0
DA:735,0
DA:736,0
DA:737,0
DA:739,0
DA:740,0
DA:741,0
DA:742,0
DA:743,0
DA:745,0
DA:747,0
DA:748,0
DA:749,0
DA:751,0
DA:753,0
DA:754,0
DA:756,0
DA:758,0
DA:759,0
DA:760,0
DA:764,0
DA:766,0
DA:767,0
DA:768,0
DA:769,0
DA:771,0
DA:772,0
DA:773,0
DA:775,0
DA:777,0
DA:778,0
DA:780,0
DA:781,0
DA:782,0
DA:784,0
DA:785,0
DA:786,0
DA:788,0
DA:790,0
DA:792,0
DA:794,0
DA:798,0
DA:799,0
DA:803,0
DA:804,0
DA:805,0
DA:807,40
DA:809,40
DA:811,40
DA:813,20
DA:815,10
DA:817,12
DA:818,10
DA:822,8
DA:823,8
DA:827,10
DA:831,20
DA:832,20
DA:835,40
DA:838,1
DA:840,3
DA:842,2
DA:844,12
DA:846,10
DA:848,10
DA:850,40
DA:851,32
DA:852,8
DA:854,2
DA:855,2
DA:856,2
DA:858,2
DA:859,1
DA:861,0
DA:863,0
DA:865,0
DA:867,0
DA:868,0
DA:869,0
DA:870,0
DA:871,0
LF:530
LH:132
end_of_record
TN:
SF:/home/pavle/Desktop/2023_Analysis_04-slagalica/04-slagalica/src/slagalica/asocijacije.cpp
FN:3,_ZN11Asocijacije5guessEi6Column7QStringiP10QTcpSocket
FN:17,_ZN11Asocijacije4initEv
FN:22,_ZN11Asocijacije14calculateScoreEv
FN:27,_ZN11Asocijacije11sendMessageEP10QTcpSocket7QString
FN:33,_ZN11Asocijacije14columnToStringE6Column
FNDA:0,_ZN11Asocijacije4initEv
FNDA:0,_ZN11Asocijacije14calculateScoreEv
FNDA:0,_ZN11Asocijacije5guessEi6Column7QStringiP10QTcpSocket
FNDA:1,_ZN11Asocijacije14columnToStringE6Column
FNDA:0,_ZN11Asocijacije11sendMessageEP10QTcpSocket7QString
FNF:5
FNH:1
BRDA:7,0,0,-
BRDA:7,0,1,-
BRDA:8,0,0,-
BRDA:8,0,1,-
BRDA:9,0,0,-
BRDA:9,0,1,-
BRDA:9,0,2,-
BRDA:9,0,3,-
BRDA:10,0,0,-
BRDA:10,0,1,-
BRDA:10,0,2,-
BRDA:10,0,3,-
BRDA:10,0,4,-
BRDA:10,0,5,-
BRDA:11,0,0,-
BRDA:11,0,1,-
BRDA:11,0,2,-
BRDA:11,0,3,-
BRDA:13,0,0,-
BRDA:13,0,1,-
BRDA:13,0,2,-
BRDA:13,0,3,-
BRDA:13,0,4,-
BRDA:13,0,5,-
BRDA:14,0,0,-
BRDA:14,0,1,-
BRDA:29,0,0,-
BRDA:29,0,1,-
BRDA:37,0,0,1
BRDA:37,0,1,0
BRDA:38,0,0,1
BRDA:38,0,1,0
BRDA:39,0,0,-
BRDA:39,0,1,-
BRDA:40,0,0,-
BRDA:40,0,1,-
BRDA:41,0,0,-
BRDA:41,0,1,-
BRDA:42,0,0,-
BRDA:42,0,1,-
BRDA:43,0,0,-
BRDA:43,0,1,-
BRDA:44,0,0,-
BRDA:44,0,1,-
BRDA:45,0,0,-
BRDA:45,0,1,-
BRDA:46,0,0,-
BRDA:46,0,1,-
BRF:48
BRH:2
DA:3,0
DA:7,0
DA:8,0
DA:9,0
DA:10,0
DA:11,0
DA:13,0
DA:14,0
DA:15,0
DA:17,0
DA:20,0
DA:22,0
DA:24,0
DA:27,0
DA:29,0
DA:30,0
DA:31,0
DA:33,1
DA:35,1
DA:37,1
DA:38,1
DA:39,0
DA:40,0
DA:41,0
DA:42,0
DA:43,0
DA:44,0
DA:45,0
DA:46,0
DA:50,1
DA:53,0
LF:31
LH:5
end_of_record
TN:
SF:/home/pavle/Desktop/2023_Analysis_04-slagalica/04-slagalica/src/slagalica/asocijacijeui.cpp
FN:5,_ZN13AsocijacijeUiC2EP7QWidgetP10QTcpSocketi7QStringS4_iii
FN:58,_ZN13AsocijacijeUiD2Ev
FN:58,_ZN13AsocijacijeUiD0Ev
FN:63,_ZN13AsocijacijeUi16on_pb_A1_clickedEv
FN:86,_ZN13AsocijacijeUi16on_pb_A2_clickedEv
FN:103,_ZN13AsocijacijeUi16on_pb_A3_clickedEv
FN:118,_ZN13AsocijacijeUi16on_pb_A4_clickedEv
FN:132,_ZN13AsocijacijeUi16on_pb_B1_clickedEv
FN:149,_ZN13AsocijacijeUi16on_pb_B2_clickedEv
FN:164,_ZN13AsocijacijeUi16on_pb_B3_clickedEv
FN:178,_ZN13AsocijacijeUi16on_pb_B4_clickedEv
FN:192,_ZN13AsocijacijeUi16on_pb_C1_clickedEv
FN:206,_ZN13AsocijacijeUi16on_pb_C2_clickedEv
FN:220,_ZN13AsocijacijeUi16on_pb_C3_clickedEv
FN:234,_ZN13AsocijacijeUi16on_pb_C4_clickedEv
FN:249,_ZN13AsocijacijeUi16on_pb_D1_clickedEv
FN:263,_ZN13AsocijacijeUi16on_pb_D2_clickedEv
FN:277,_ZN13AsocijacijeUi16on_pb_D3_clickedEv
FN:291,_ZN13AsocijacijeUi16on_pb_D4_clickedEv
FN:303,_ZN13AsocijacijeUi21on_le_A_returnPressedEv
FN:311,_ZN13AsocijacijeUi21on_le_B_returnPressedEv
FN:319,_ZN13AsocijacijeUi21on_le_C_returnPressedEv
FN:326,_ZN13AsocijacijeUi21on_le_D_returnPressedEv
FN:333,_ZN13AsocijacijeUi27on_le_KONACNO_returnPressedEv
FN:340,_ZN13AsocijacijeUi11sendMessageEP10QTcpSocket7QString
FN:346,_ZNK13AsocijacijeUi11clientName2Ev
FN:351,_ZN13AsocijacijeUi14setClientName2ERK7QString
FN:356,_ZNK13AsocijacijeUi11clientName1Ev
FN:361,_ZN13AsocijacijeUi14setClientName1ERK7QString
FN:366,_ZNK13AsocijacijeUi16buttonsRemainingEv
FN:371,_ZN13AsocijacijeUi19setButtonsRemainingEi
FN:376,_ZNK13AsocijacijeUi2idEv
FN:381,_ZN13AsocijacijeUi5setIdEi
FN:386,_ZNK13AsocijacijeUi4turnEv
FN:391,_ZN13AsocijacijeUi7setTurnEb
FN:396,_ZNK13AsocijacijeUi8brPotezaEv
FN:401,_ZN13AsocijacijeUi11setBrPotezaEi
FN:406,_ZNK13AsocijacijeUi4timeEv
FN:411,_ZN13AsocijacijeUi7setTimeEi
FN:416,_ZNK13AsocijacijeUi17associationNumberEv
FN:421,_ZN13AsocijacijeUi9readyReadEv
FN:453,_ZN13AsocijacijeUi12displayFieldE5QListI7QStringE
FN:580,_ZN13AsocijacijeUi11showAttemptE5QListI7QStringE
FN:814,_ZN13AsocijacijeUi12setAllFieldsE5QListI7QStringEb
FN:880,_ZN13AsocijacijeUi12updatePointsE5QListI7QStringE
FN:886,_ZN13AsocijacijeUi14disableAllTempEv
FN:897,_ZN13AsocijacijeUi24disableOpeningFieldsTempEv
FN:922,_ZN13AsocijacijeUi14disableKonacnoEv
FN:932,_ZN13AsocijacijeUi8disableAEv
FN:941,_ZN13AsocijacijeUi8disableBEv
FN:950,_ZN13AsocijacijeUi8disableCEv
FN:959,_ZN13AsocijacijeUi8disableDEv
FN:968,_ZN13AsocijacijeUi15addButtonsToMapEv
FN:997,_ZN13AsocijacijeUi20disableButtonForeverEP11QPushButton
FN:1003,_ZN13AsocijacijeUi22disableLineEditForeverEP9QLineEdit
FN:1009,_ZN13AsocijacijeUi10changeTurnEv
FN:1038,_ZN13AsocijacijeUi25enableAllRemainingButtonsEv
FN:1045,_ZN13AsocijacijeUi27enableAllRemainingLineEditsEv
FN:1056,_ZN13AsocijacijeUi16availableGuessesEv
FN:1065,_ZN13AsocijacijeUi23clearRemainingLineEditsEv
FN:1072,_ZN13AsocijacijeUi8nextGameEv
FN:1082,_ZN13AsocijacijeUi10updateTimeEv
FN:1097,_ZN13AsocijacijeUi13on_switchTurnEv
FN:1117,_ZN13AsocijacijeUi20enableLineEditVectorEv
FN:1122,_ZN13AsocijacijeUi23setEnableLineEditVectorERK4QMapIP9QLineEditiE
FN:1127,_ZN13AsocijacijeUi19enableButtonsVectorEv
FN:1132,_ZN13AsocijacijeUi22setEnableButtonsVectorERK4QMapIP11QPushButtoniE
FN:1137,_ZNK13AsocijacijeUi5getUiEv
FN:1142,_ZN13AsocijacijeUi14posalji_PraznoEv
FN:1159,_ZN13AsocijacijeUi11paintWidgetEP7QWidgetib
FN:1189,_ZN13AsocijacijeUi14setColorYellowEP7QWidget
FN:1194,_ZN13AsocijacijeUi15requestSolutionEv
FNDA:0,_ZN13AsocijacijeUi14setClientName2ERK7QString
FNDA:0,_ZN13AsocijacijeUi16on_pb_A1_clickedEv
FNDA:12,_ZN13AsocijacijeUi14disableAllTempEv
FNDA:0,_ZN13AsocijacijeUi8nextGameEv
FNDA:1,_ZNK13AsocijacijeUi16buttonsRemainingEv
FNDA:0,_ZN13AsocijacijeUi16on_pb_B4_clickedEv
FNDA:0,_ZN13AsocijacijeUi27on_le_KONACNO_returnPressedEv
FNDA:0,_ZN13AsocijacijeUi14posalji_PraznoEv
FNDA:1,_ZNK13AsocijacijeUi11clientName2Ev
FNDA:0,_ZN13AsocijacijeUi16on_pb_A2_clickedEv
FNDA:0,_ZN13AsocijacijeUi16on_pb_A4_clickedEv
FNDA:0,_ZNK13AsocijacijeUi17associationNumberEv
FNDA:0,_ZN13AsocijacijeUi13on_switchTurnEv
FNDA:0,_ZN13AsocijacijeUi8disableDEv
FNDA:0,_ZN13AsocijacijeUi16on_pb_D2_clickedEv
FNDA:0,_ZN13AsocijacijeUi21on_le_C_returnPressedEv
FNDA:0,_ZN13AsocijacijeUi16on_pb_D1_clickedEv
FNDA:0,_ZN13AsocijacijeUi25enableAllRemainingButtonsEv
FNDA:0,_ZN13AsocijacijeUi11sendMessageEP10QTcpSocket7QString
FNDA:0,_ZN13AsocijacijeUi21on_le_B_returnPressedEv
FNDA:1,_ZN13AsocijacijeUi23clearRemainingLineEditsEv
FNDA:2,_ZN13AsocijacijeUi14setColorYellowEP7QWidget
FNDA:2,_ZN13AsocijacijeUi20enableLineEditVectorEv
FNDA:5,_ZN13AsocijacijeUi11paintWidgetEP7QWidgetib
FNDA:0,_ZN13AsocijacijeUi27enableAllRemainingLineEditsEv
FNDA:11,_ZN13AsocijacijeUiD0Ev
FNDA:0,_ZN13AsocijacijeUi22setEnableButtonsVectorERK4QMapIP11QPushButtoniE
FNDA:0,_ZN13AsocijacijeUi23setEnableLineEditVectorERK4QMapIP9QLineEditiE
FNDA:0,_ZN13AsocijacijeUi16on_pb_C3_clickedEv
FNDA:0,_ZN13AsocijacijeUi12setAllFieldsE5QListI7QStringEb
FNDA:11,_ZN13AsocijacijeUiC2EP7QWidgetP10QTcpSocketi7QStringS4_iii
FNDA:0,_ZN13AsocijacijeUi21on_le_A_returnPressedEv
FNDA:0,_ZN13AsocijacijeUi16on_pb_B3_clickedEv
FNDA:0,_ZN13AsocijacijeUi21on_le_D_returnPressedEv
FNDA:5,_ZN13AsocijacijeUi20disableButtonForeverEP11QPushButton
FNDA:0,_ZN13AsocijacijeUi16on_pb_B1_clickedEv
FNDA:2,_ZNK13AsocijacijeUi8brPotezaEv
FNDA:0,_ZN13AsocijacijeUi16on_pb_A3_clickedEv
FNDA:0,_ZN13AsocijacijeUi16on_pb_C1_clickedEv
FNDA:1,_ZN13AsocijacijeUi10updateTimeEv
FNDA:0,_ZN13AsocijacijeUi16on_pb_C2_clickedEv
FNDA:1,_ZN13AsocijacijeUi12updatePointsE5QListI7QStringE
FNDA:1,_ZN13AsocijacijeUi11showAttemptE5QListI7QStringE
FNDA:5,_ZNK13AsocijacijeUi4timeEv
FNDA:1,_ZN13AsocijacijeUi19enableButtonsVectorEv
FNDA:0,_ZN13AsocijacijeUi15requestSolutionEv
FNDA:11,_ZN13AsocijacijeUiD2Ev
FNDA:0,_ZN13AsocijacijeUi8disableCEv
FNDA:0,_ZN13AsocijacijeUi16on_pb_D3_clickedEv
FNDA:11,_ZN13AsocijacijeUi15addButtonsToMapEv
FNDA:3,_ZN13AsocijacijeUi16availableGuessesEv
FNDA:0,_ZN13AsocijacijeUi5setIdEi
FNDA:1,_ZN13AsocijacijeUi8disableBEv
FNDA:2,_ZN13AsocijacijeUi22disableLineEditForeverEP9QLineEdit
FNDA:0,_ZN13AsocijacijeUi16on_pb_C4_clickedEv
FNDA:0,_ZN13AsocijacijeUi9readyReadEv
FNDA:1,_ZN13AsocijacijeUi7setTimeEi
FNDA:0,_ZN13AsocijacijeUi16on_pb_B2_clickedEv
FNDA:0,_ZN13AsocijacijeUi8disableAEv
FNDA:15,_ZNK13AsocijacijeUi5getUiEv
FNDA:0,_ZN13AsocijacijeUi16on_pb_D4_clickedEv
FNDA:12,_ZN13AsocijacijeUi24disableOpeningFieldsTempEv
FNDA:0,_ZN13AsocijacijeUi14setClientName1ERK7QString
FNDA:1,_ZN13AsocijacijeUi10changeTurnEv
FNDA:1,_ZNK13AsocijacijeUi2idEv
FNDA:1,_ZN13AsocijacijeUi11setBrPotezaEi
FNDA:1,_ZN13AsocijacijeUi7setTurnEb
FNDA:0,_ZN13AsocijacijeUi14disableKonacnoEv
FNDA:0,_ZN13AsocijacijeUi19setButtonsRemainingEi
FNDA:1,_ZNK13AsocijacijeUi4turnEv
FNDA:0,_ZN13AsocijacijeUi12displayFieldE5QListI7QStringE
FNDA:1,_ZNK13AsocijacijeUi11clientName1Ev
FNF:72
FNH:30
BRDA:7,0,0,11
BRDA:7,0,1,0
BRDA:7,0,2,11
BRDA:7,0,3,0
BRDA:9,0,0,11
BRDA:9,0,1,0
BRDA:12,0,0,11
BRDA:12,0,1,0
BRDA:12,0,2,11
BRDA:12,0,3,0
BRDA:12,0,4,11
BRDA:12,0,5,0
BRDA:14,0,0,11
BRDA:14,0,1,0
BRDA:15,0,0,11
BRDA:15,0,1,0
BRDA:25,0,0,11
BRDA:25,0,1,0
BRDA:27,0,0,11
BRDA:27,0,1,0
BRDA:28,0,0,0
BRDA:28,0,1,11
BRDA:31,0,0,-
BRDA:31,0,1,-
BRDA:37,0,0,11
BRDA:37,0,1,0
BRDA:37,0,2,11
BRDA:37,0,3,0
BRDA:41,0,0,11
BRDA:41,0,1,0
BRDA:42,0,0,11
BRDA:42,0,1,0
BRDA:44,0,0,11
BRDA:44,0,1,0
BRDA:44,0,2,11
BRDA:44,0,3,0
BRDA:45,0,0,11
BRDA:45,0,1,0
BRDA:45,0,2,11
BRDA:45,0,3,0
BRDA:45,0,4,11
BRDA:45,0,5,0
BRDA:46,0,0,11
BRDA:46,0,1,0
BRDA:47,0,0,11
BRDA:47,0,1,0
BRDA:49,0,0,11
BRDA:49,0,1,0
BRDA:50,0,0,11
BRDA:50,0,1,0
BRDA:51,0,0,11
BRDA:51,0,1,0
BRDA:52,0,0,11
BRDA:52,0,1,0
BRDA:53,0,0,11
BRDA:53,0,1,0
BRDA:60,0,0,11
BRDA:60,0,1,0
BRDA:68,0,0,-
BRDA:68,0,1,-
BRDA:71,0,0,-
BRDA:71,0,1,-
BRDA:72,0,0,-
BRDA:72,0,1,-
BRDA:73,0,0,-
BRDA:73,0,1,-
BRDA:73,0,2,-
BRDA:73,0,3,-
BRDA:74,0,0,-
BRDA:74,0,1,-
BRDA:76,0,0,-
BRDA:76,0,1,-
BRDA:88,0,0,-
BRDA:88,0,1,-
BRDA:91,0,0,-
BRDA:91,0,1,-
BRDA:92,0,0,-
BRDA:92,0,1,-
BRDA:93,0,0,-
BRDA:93,0,1,-
BRDA:93,0,2,-
BRDA:93,0,3,-
BRDA:94,0,0,-
BRDA:94,0,1,-
BRDA:96,0,0,-
BRDA:96,0,1,-
BRDA:105,0,0,-
BRDA:105,0,1,-
BRDA:108,0,0,-
BRDA:108,0,1,-
BRDA:109,0,0,-
BRDA:109,0,1,-
BRDA:110,0,0,-
BRDA:110,0,1,-
BRDA:110,0,2,-
BRDA:110,0,3,-
BRDA:111,0,0,-
BRDA:111,0,1,-
BRDA:113,0,0,-
BRDA:113,0,1,-
BRDA:120,0,0,-
BRDA:120,0,1,-
BRDA:123,0,0,-
BRDA:123,0,1,-
BRDA:124,0,0,-
BRDA:124,0,1,-
BRDA:125,0,0,-
BRDA:125,0,1,-
BRDA:125,0,2,-
BRDA:125,0,3,-
BRDA:126,0,0,-
BRDA:126,0,1,-
BRDA:128,0,0,-
BRDA:128,0,1,-
BRDA:136,0,0,-
BRDA:136,0,1,-
BRDA:139,0,0,-
BRDA:139,0,1,-
BRDA:140,0,0,-
BRDA:140,0,1,-
BRDA:141,0,0,-
BRDA:141,0,1,-
BRDA:141,0,2,-
BRDA:141,0,3,-
BRDA:142,0,0,-
BRDA:142,0,1,-
BRDA:144,0,0,-
BRDA:144,0,1,-
BRDA:151,0,0,-
BRDA:151,0,1,-
BRDA:154,0,0,-
BRDA:154,0,1,-
BRDA:155,0,0,-
BRDA:155,0,1,-
BRDA:156,0,0,-
BRDA:156,0,1,-
BRDA:156,0,2,-
BRDA:156,0,3,-
BRDA:157,0,0,-
BRDA:157,0,1,-
BRDA:159,0,0,-
BRDA:159,0,1,-
BRDA:166,0,0,-
BRDA:166,0,1,-
BRDA:169,0,0,-
BRDA:169,0,1,-
BRDA:170,0,0,-
BRDA:170,0,1,-
BRDA:171,0,0,-
BRDA:171,0,1,-
BRDA:171,0,2,-
BRDA:171,0,3,-
BRDA:172,0,0,-
BRDA:172,0,1,-
BRDA:174,0,0,-
BRDA:174,0,1,-
BRDA:180,0,0,-
BRDA:180,0,1,-
BRDA:183,0,0,-
BRDA:183,0,1,-
BRDA:184,0,0,-
BRDA:184,0,1,-
BRDA:185,0,0,-
BRDA:185,0,1,-
BRDA:185,0,2,-
BRDA:185,0,3,-
BRDA:186,0,0,-
BRDA:186,0,1,-
BRDA:188,0,0,-
BRDA:188,0,1,-
BRDA:194,0,0,-
BRDA:194,0,1,-
BRDA:197,0,0,-
BRDA:197,0,1,-
BRDA:198,0,0,-
BRDA:198,0,1,-
BRDA:199,0,0,-
BRDA:199,0,1,-
BRDA:199,0,2,-
BRDA:199,0,3,-
BRDA:200,0,0,-
BRDA:200,0,1,-
BRDA:202,0,0,-
BRDA:202,0,1,-
BRDA:208,0,0,-
BRDA:208,0,1,-
BRDA:211,0,0,-
BRDA:211,0,1,-
BRDA:212,0,0,-
BRDA:212,0,1,-
BRDA:213,0,0,-
BRDA:213,0,1,-
BRDA:213,0,2,-
BRDA:213,0,3,-
BRDA:214,0,0,-
BRDA:214,0,1,-
BRDA:216,0,0,-
BRDA:216,0,1,-
BRDA:222,0,0,-
BRDA:222,0,1,-
BRDA:225,0,0,-
BRDA:225,0,1,-
BRDA:226,0,0,-
BRDA:226,0,1,-
BRDA:227,0,0,-
BRDA:227,0,1,-
BRDA:227,0,2,-
BRDA:227,0,3,-
BRDA:228,0,0,-
BRDA:228,0,1,-
BRDA:230,0,0,-
BRDA:230,0,1,-
BRDA:236,0,0,-
BRDA:236,0,1,-
BRDA:239,0,0,-
BRDA:239,0,1,-
BRDA:240,0,0,-
BRDA:240,0,1,-
BRDA:241,0,0,-
BRDA:241,0,1,-
BRDA:241,0,2,-
BRDA:241,0,3,-
BRDA:242,0,0,-
BRDA:242,0,1,-
BRDA:244,0,0,-
BRDA:244,0,1,-
BRDA:251,0,0,-
BRDA:251,0,1,-
BRDA:254,0,0,-
BRDA:254,0,1,-
BRDA:255,0,0,-
BRDA:255,0,1,-
BRDA:256,0,0,-
BRDA:256,0,1,-
BRDA:256,0,2,-
BRDA:256,0,3,-
BRDA:257,0,0,-
BRDA:257,0,1,-
BRDA:259,0,0,-
BRDA:259,0,1,-
BRDA:265,0,0,-
BRDA:265,0,1,-
BRDA:268,0,0,-
BRDA:268,0,1,-
BRDA:269,0,0,-
BRDA:269,0,1,-
BRDA:270,0,0,-
BRDA:270,0,1,-
BRDA:270,0,2,-
BRDA:270,0,3,-
BRDA:271,0,0,-
BRDA:271,0,1,-
BRDA:273,0,0,-
BRDA:273,0,1,-
BRDA:279,0,0,-
BRDA:279,0,1,-
BRDA:282,0,0,-
BRDA:282,0,1,-
BRDA:283,0,0,-
BRDA:283,0,1,-
BRDA:284,0,0,-
BRDA:284,0,1,-
BRDA:284,0,2,-
BRDA:284,0,3,-
BRDA:285,0,0,-
BRDA:285,0,1,-
BRDA:287,0,0,-
BRDA:287,0,1,-
BRDA:293,0,0,-
BRDA:293,0,1,-
BRDA:296,0,0,-
BRDA:296,0,1,-
BRDA:297,0,0,-
BRDA:297,0,1,-
BRDA:298,0,0,-
BRDA:298,0,1,-
BRDA:298,0,2,-
BRDA:298,0,3,-
BRDA:299,0,0,-
BRDA:299,0,1,-
BRDA:301,0,0,-
BRDA:301,0,1,-
BRDA:307,0,0,-
BRDA:307,0,1,-
BRDA:315,0,0,-
BRDA:315,0,1,-
BRDA:323,0,0,-
BRDA:323,0,1,-
BRDA:330,0,0,-
BRDA:330,0,1,-
BRDA:337,0,0,-
BRDA:337,0,1,-
BRDA:342,0,0,-
BRDA:342,0,1,-
BRDA:423,0,0,-
BRDA:423,0,1,-
BRDA:423,0,2,-
BRDA:423,0,3,-
BRDA:424,0,0,-
BRDA:424,0,1,-
BRDA:425,0,0,-
BRDA:425,0,1,-
BRDA:425,0,2,-
BRDA:425,0,3,-
BRDA:427,0,0,-
BRDA:427,0,1,-
BRDA:427,0,2,-
BRDA:427,0,3,-
BRDA:430,0,0,-
BRDA:430,0,1,-
BRDA:431,0,0,-
BRDA:431,0,1,-
BRDA:432,0,0,-
BRDA:432,0,1,-
BRDA:435,0,0,-
BRDA:435,0,1,-
BRDA:435,0,2,-
BRDA:435,0,3,-
BRDA:437,0,0,-
BRDA:437,0,1,-
BRDA:438,0,0,-
BRDA:438,0,1,-
BRDA:439,0,0,-
BRDA:439,0,1,-
BRDA:442,0,0,-
BRDA:442,0,1,-
BRDA:442,0,2,-
BRDA:442,0,3,-
BRDA:444,0,0,-
BRDA:444,0,1,-
BRDA:445,0,0,-
BRDA:445,0,1,-
BRDA:447,0,0,-
BRDA:447,0,1,-
BRDA:451,0,0,-
BRDA:451,0,1,-
BRDA:451,0,2,-
BRDA:451,0,3,-
BRDA:455,0,0,-
BRDA:455,0,1,-
BRDA:456,0,0,-
BRDA:456,0,1,-
BRDA:456,0,2,-
BRDA:456,0,3,-
BRDA:457,0,0,-
BRDA:457,0,1,-
BRDA:459,0,0,-
BRDA:459,0,1,-
BRDA:461,0,0,-
BRDA:461,0,1,-
BRDA:463,0,0,-
BRDA:463,0,1,-
BRDA:463,0,2,-
BRDA:463,0,3,-
BRDA:463,0,4,-
BRDA:465,0,0,-
BRDA:465,0,1,-
BRDA:466,0,0,-
BRDA:466,0,1,-
BRDA:470,0,0,-
BRDA:470,0,1,-
BRDA:471,0,0,-
BRDA:471,0,1,-
BRDA:475,0,0,-
BRDA:475,0,1,-
BRDA:476,0,0,-
BRDA:476,0,1,-
BRDA:480,0,0,-
BRDA:480,0,1,-
BRDA:481,0,0,-
BRDA:481,0,1,-
BRDA:489,0,0,-
BRDA:489,0,1,-
BRDA:491,0,0,-
BRDA:491,0,1,-
BRDA:493,0,0,-
BRDA:493,0,1,-
BRDA:493,0,2,-
BRDA:493,0,3,-
BRDA:493,0,4,-
BRDA:495,0,0,-
BRDA:495,0,1,-
BRDA:496,0,0,-
BRDA:496,0,1,-
BRDA:500,0,0,-
BRDA:500,0,1,-
BRDA:501,0,0,-
BRDA:501,0,1,-
BRDA:505,0,0,-
BRDA:505,0,1,-
BRDA:506,0,0,-
BRDA:506,0,1,-
BRDA:510,0,0,-
BRDA:510,0,1,-
BRDA:511,0,0,-
BRDA:511,0,1,-
BRDA:519,0,0,-
BRDA:519,0,1,-
BRDA:521,0,0,-
BRDA:521,0,1,-
BRDA:523,0,0,-
BRDA:523,0,1,-
BRDA:523,0,2,-
BRDA:523,0,3,-
BRDA:523,0,4,-
BRDA:525,0,0,-
BRDA:525,0,1,-
BRDA:526,0,0,-
BRDA:526,0,1,-
BRDA:530,0,0,-
BRDA:530,0,1,-
BRDA:531,0,0,-
BRDA:531,0,1,-
BRDA:535,0,0,-
BRDA:535,0,1,-
BRDA:536,0,0,-
BRDA:536,0,1,-
BRDA:540,0,0,-
BRDA:540,0,1,-
BRDA:541,0,0,-
BRDA:541,0,1,-
BRDA:549,0,0,-
BRDA:549,0,1,-
BRDA:551,0,0,-
BRDA:551,0,1,-
BRDA:553,0,0,-
BRDA:553,0,1,-
BRDA:553,0,2,-
BRDA:553,0,3,-
BRDA:553,0,4,-
BRDA:555,0,0,-
BRDA:555,0,1,-
BRDA:556,0,0,-
BRDA:556,0,1,-
BRDA:560,0,0,-
BRDA:560,0,1,-
BRDA:561,0,0,-
BRDA:561,0,1,-
BRDA:565,0,0,-
BRDA:565,0,1,-
BRDA:566,0,0,-
BRDA:566,0,1,-
BRDA:570,0,0,-
BRDA:570,0,1,-
BRDA:571,0,0,-
BRDA:571,0,1,-
BRDA:583,0,0,1
BRDA:583,0,1,0
BRDA:583,0,2,1
BRDA:583,0,3,0
BRDA:586,0,0,1
BRDA:586,0,1,0
BRDA:587,0,0,1
BRDA:587,0,1,0
BRDA:588,0,0,1
BRDA:588,0,1,0
BRDA:590,0,0,1
BRDA:590,0,1,0
BRDA:592,0,0,0
BRDA:592,0,1,1
BRDA:594,0,0,-
BRDA:594,0,1,-
BRDA:594,0,2,-
BRDA:594,0,3,-
BRDA:594,0,4,-
BRDA:594,0,5,-
BRDA:598,0,0,-
BRDA:598,0,1,-
BRDA:598,0,2,-
BRDA:598,0,3,-
BRDA:598,0,4,-
BRDA:598,0,5,-
BRDA:602,0,0,-
BRDA:602,0,1,-
BRDA:602,0,2,-
BRDA:602,0,3,-
BRDA:602,0,4,-
BRDA:602,0,5,-
BRDA:606,0,0,-
BRDA:606,0,1,-
BRDA:606,0,2,-
BRDA:606,0,3,-
BRDA:606,0,4,-
BRDA:606,0,5,-
BRDA:612,0,0,-
BRDA:612,0,1,-
BRDA:613,0,0,-
BRDA:613,0,1,-
BRDA:613,0,2,-
BRDA:613,0,3,-
BRDA:614,0,0,-
BRDA:614,0,1,-
BRDA:614,0,2,-
BRDA:614,0,3,-
BRDA:615,0,0,-
BRDA:615,0,1,-
BRDA:615,0,2,-
BRDA:615,0,3,-
BRDA:616,0,0,-
BRDA:616,0,1,-
BRDA:616,0,2,-
BRDA:616,0,3,-
BRDA:618,0,0,-
BRDA:618,0,1,-
BRDA:619,0,0,-
BRDA:619,0,1,-
BRDA:620,0,0,-
BRDA:620,0,1,-
BRDA:621,0,0,-
BRDA:621,0,1,-
BRDA:622,0,0,-
BRDA:622,0,1,-
BRDA:623,0,0,-
BRDA:623,0,1,-
BRDA:625,0,0,-
BRDA:625,0,1,-
BRDA:627,0,0,-
BRDA:627,0,1,-
BRDA:627,0,2,-
BRDA:627,0,3,-
BRDA:630,0,0,-
BRDA:630,0,1,-
BRDA:633,0,0,1
BRDA:633,0,1,0
BRDA:636,0,0,1
BRDA:636,0,1,0
BRDA:636,0,2,1
BRDA:636,0,3,0
BRDA:636,0,4,1
BRDA:636,0,5,0
BRDA:637,0,0,1
BRDA:637,0,1,0
BRDA:637,0,2,1
BRDA:637,0,3,0
BRDA:641,0,0,1
BRDA:641,0,1,0
BRDA:641,0,2,1
BRDA:641,0,3,0
BRDA:641,0,4,1
BRDA:641,0,5,0
BRDA:642,0,0,1
BRDA:642,0,1,0
BRDA:642,0,2,1
BRDA:642,0,3,0
BRDA:646,0,0,1
BRDA:646,0,1,0
BRDA:646,0,2,1
BRDA:646,0,3,0
BRDA:646,0,4,1
BRDA:646,0,5,0
BRDA:647,0,0,1
BRDA:647,0,1,0
BRDA:647,0,2,1
BRDA:647,0,3,0
BRDA:651,0,0,1
BRDA:651,0,1,0
BRDA:651,0,2,1
BRDA:651,0,3,0
BRDA:651,0,4,1
BRDA:651,0,5,0
BRDA:652,0,0,1
BRDA:652,0,1,0
BRDA:652,0,2,1
BRDA:652,0,3,0
BRDA:657,0,0,1
BRDA:657,0,1,0
BRDA:658,0,0,1
BRDA:658,0,1,0
BRDA:658,0,2,1
BRDA:658,0,3,0
BRDA:659,0,0,1
BRDA:659,0,1,0
BRDA:659,0,2,1
BRDA:659,0,3,0
BRDA:660,0,0,1
BRDA:660,0,1,0
BRDA:660,0,2,1
BRDA:660,0,3,0
BRDA:661,0,0,1
BRDA:661,0,1,0
BRDA:661,0,2,1
BRDA:661,0,3,0
BRDA:663,0,0,1
BRDA:663,0,1,0
BRDA:664,0,0,1
BRDA:664,0,1,0
BRDA:665,0,0,1
BRDA:665,0,1,0
BRDA:666,0,0,1
BRDA:666,0,1,0
BRDA:667,0,0,1
BRDA:667,0,1,0
BRDA:668,0,0,1
BRDA:668,0,1,0
BRDA:670,0,0,1
BRDA:670,0,1,0
BRDA:672,0,0,1
BRDA:672,0,1,0
BRDA:672,0,2,1
BRDA:672,0,3,0
BRDA:674,0,0,1
BRDA:674,0,1,0
BRDA:677,0,0,0
BRDA:677,0,1,1
BRDA:680,0,0,-
BRDA:680,0,1,-
BRDA:680,0,2,-
BRDA:680,0,3,-
BRDA:680,0,4,-
BRDA:680,0,5,-
BRDA:684,0,0,-
BRDA:684,0,1,-
BRDA:684,0,2,-
BRDA:684,0,3,-
BRDA:684,0,4,-
BRDA:684,0,5,-
BRDA:688,0,0,-
BRDA:688,0,1,-
BRDA:688,0,2,-
BRDA:688,0,3,-
BRDA:688,0,4,-
BRDA:688,0,5,-
BRDA:692,0,0,-
BRDA:692,0,1,-
BRDA:692,0,2,-
BRDA:692,0,3,-
BRDA:692,0,4,-
BRDA:692,0,5,-
BRDA:697,0,0,-
BRDA:697,0,1,-
BRDA:698,0,0,-
BRDA:698,0,1,-
BRDA:698,0,2,-
BRDA:698,0,3,-
BRDA:699,0,0,-
BRDA:699,0,1,-
BRDA:699,0,2,-
BRDA:699,0,3,-
BRDA:700,0,0,-
BRDA:700,0,1,-
BRDA:700,0,2,-
BRDA:700,0,3,-
BRDA:701,0,0,-
BRDA:701,0,1,-
BRDA:701,0,2,-
BRDA:701,0,3,-
BRDA:703,0,0,-
BRDA:703,0,1,-
BRDA:704,0,0,-
BRDA:704,0,1,-
BRDA:705,0,0,-
BRDA:705,0,1,-
BRDA:706,0,0,-
BRDA:706,0,1,-
BRDA:707,0,0,-
BRDA:707,0,1,-
BRDA:708,0,0,-
BRDA:708,0,1,-
BRDA:710,0,0,-
BRDA:710,0,1,-
BRDA:712,0,0,-
BRDA:712,0,1,-
BRDA:712,0,2,-
BRDA:712,0,3,-
BRDA:714,0,0,-
BRDA:714,0,1,-
BRDA:717,0,0,0
BRDA:717,0,1,1
BRDA:719,0,0,-
BRDA:719,0,1,-
BRDA:719,0,2,-
BRDA:719,0,3,-
BRDA:719,0,4,-
BRDA:719,0,5,-
BRDA:723,0,0,-
BRDA:723,0,1,-
BRDA:723,0,2,-
BRDA:723,0,3,-
BRDA:723,0,4,-
BRDA:723,0,5,-
BRDA:727,0,0,-
BRDA:727,0,1,-
BRDA:727,0,2,-
BRDA:727,0,3,-
BRDA:727,0,4,-
BRDA:727,0,5,-
BRDA:731,0,0,-
BRDA:731,0,1,-
BRDA:731,0,2,-
BRDA:731,0,3,-
BRDA:731,0,4,-
BRDA:731,0,5,-
BRDA:736,0,0,-
BRDA:736,0,1,-
BRDA:737,0,0,-
BRDA:737,0,1,-
BRDA:737,0,2,-
BRDA:737,0,3,-
BRDA:738,0,0,-
BRDA:738,0,1,-
BRDA:738,0,2,-
BRDA:738,0,3,-
BRDA:739,0,0,-
BRDA:739,0,1,-
BRDA:739,0,2,-
BRDA:739,0,3,-
BRDA:740,0,0,-
BRDA:740,0,1,-
BRDA:740,0,2,-
BRDA:740,0,3,-
BRDA:743,0,0,-
BRDA:743,0,1,-
BRDA:744,0,0,-
BRDA:744,0,1,-
BRDA:745,0,0,-
BRDA:745,0,1,-
BRDA:746,0,0,-
BRDA:746,0,1,-
BRDA:747,0,0,-
BRDA:747,0,1,-
BRDA:748,0,0,-
BRDA:748,0,1,-
BRDA:750,0,0,-
BRDA:750,0,1,-
BRDA:752,0,0,-
BRDA:752,0,1,-
BRDA:752,0,2,-
BRDA:752,0,3,-
BRDA:754,0,0,-
BRDA:754,0,1,-
BRDA:757,0,0,0
BRDA:757,0,1,1
BRDA:759,0,0,-
BRDA:759,0,1,-
BRDA:760,0,0,-
BRDA:760,0,1,-
BRDA:761,0,0,-
BRDA:761,0,1,-
BRDA:763,0,0,-
BRDA:763,0,1,-
BRDA:765,0,0,-
BRDA:765,0,1,-
BRDA:770,0,0,1
BRDA:770,0,1,0
BRDA:770,0,2,0
BRDA:770,0,3,1
BRDA:771,0,0,-
BRDA:771,0,1,-
BRDA:772,0,0,0
BRDA:772,0,1,1
BRDA:773,0,0,-
BRDA:773,0,1,-
BRDA:779,0,0,-
BRDA:779,0,1,-
BRDA:781,0,0,-
BRDA:781,0,1,-
BRDA:783,0,0,-
BRDA:783,0,1,-
BRDA:786,0,0,-
BRDA:786,0,1,-
BRDA:788,0,0,-
BRDA:788,0,1,-
BRDA:789,0,0,-
BRDA:789,0,1,-
BRDA:792,0,0,-
BRDA:792,0,1,-
BRDA:794,0,0,-
BRDA:794,0,1,-
BRDA:795,0,0,-
BRDA:795,0,1,-
BRDA:798,0,0,-
BRDA:798,0,1,-
BRDA:800,0,0,-
BRDA:800,0,1,-
BRDA:801,0,0,-
BRDA:801,0,1,-
BRDA:804,0,0,-
BRDA:804,0,1,-
BRDA:806,0,0,-
BRDA:806,0,1,-
BRDA:807,0,0,-
BRDA:807,0,1,-
BRDA:811,0,0,1
BRDA:811,0,1,0
BRDA:811,0,2,1
BRDA:811,0,3,0
BRDA:811,0,4,1
BRDA:811,0,5,0
BRDA:812,0,0,1
BRDA:812,0,1,0
BRDA:812,0,2,1
BRDA:812,0,3,0
BRDA:816,0,0,-
BRDA:816,0,1,-
BRDA:1012,0,0,0
BRDA:1012,0,1,1
BRDA:1021,0,0,1
BRDA:1021,0,1,0
BRDA:1025,0,0,-
BRDA:1025,0,1,-
BRDA:1032,0,0,1
BRDA:1032,0,1,0
BRDA:1040,0,0,-
BRDA:1040,0,1,-
BRDA:1040,0,2,-
BRDA:1040,0,3,-
BRDA:1040,0,4,-
BRDA:1040,0,5,-
BRDA:1040,0,6,-
BRDA:1040,0,7,-
BRDA:1041,0,0,-
BRDA:1041,0,1,-
BRDA:1041,0,2,-
BRDA:1041,0,3,-
BRDA:1042,0,0,-
BRDA:1042,0,1,-
BRDA:1047,0,0,-
BRDA:1047,0,1,-
BRDA:1047,0,2,-
BRDA:1047,0,3,-
BRDA:1047,0,4,-
BRDA:1047,0,5,-
BRDA:1047,0,6,-
BRDA:1047,0,7,-
BRDA:1048,0,0,-
BRDA:1048,0,1,-
BRDA:1048,0,2,-
BRDA:1048,0,3,-
BRDA:1050,0,0,-
BRDA:1050,0,1,-
BRDA:1051,0,0,-
BRDA:1051,0,1,-
BRDA:1058,0,0,3
BRDA:1058,0,1,0
BRDA:1058,0,2,3
BRDA:1058,0,3,0
BRDA:1058,0,4,3
BRDA:1058,0,5,0
BRDA:1058,0,6,11
BRDA:1058,0,7,1
BRDA:1059,0,0,11
BRDA:1059,0,1,0
BRDA:1059,0,2,2
BRDA:1059,0,3,9
BRDA:1060,0,0,1
BRDA:1060,0,1,2
BRDA:1067,0,0,1
BRDA:1067,0,1,0
BRDA:1067,0,2,1
BRDA:1067,0,3,0
BRDA:1067,0,4,1
BRDA:1067,0,5,0
BRDA:1067,0,6,5
BRDA:1067,0,7,1
BRDA:1068,0,0,5
BRDA:1068,0,1,0
BRDA:1068,0,2,0
BRDA:1068,0,3,5
BRDA:1069,0,0,0
BRDA:1069,0,1,0
BRDA:1074,0,0,-
BRDA:1074,0,1,-
BRDA:1074,0,2,-
BRDA:1074,0,3,-
BRDA:1078,0,0,-
BRDA:1078,0,1,-
BRDA:1078,0,2,-
BRDA:1078,0,3,-
BRDA:1086,0,0,1
BRDA:1086,0,1,0
BRDA:1088,0,0,1
BRDA:1088,0,1,0
BRDA:1091,0,0,0
BRDA:1091,0,1,1
BRDA:1100,0,0,-
BRDA:1100,0,1,-
BRDA:1104,0,0,-
BRDA:1104,0,1,-
BRDA:1104,0,2,-
BRDA:1104,0,3,-
BRDA:1105,0,0,-
BRDA:1105,0,1,-
BRDA:1106,0,0,-
BRDA:1106,0,1,-
BRDA:1106,0,2,-
BRDA:1106,0,3,-
BRDA:1107,0,0,-
BRDA:1107,0,1,-
BRDA:1107,0,2,-
BRDA:1107,0,3,-
BRDA:1113,0,0,-
BRDA:1113,0,1,-
BRDA:1145,0,0,-
BRDA:1145,0,1,-
BRDA:1146,0,0,-
BRDA:1146,0,1,-
BRDA:1146,0,2,-
BRDA:1146,0,3,-
BRDA:1147,0,0,-
BRDA:1147,0,1,-
BRDA:1148,0,0,-
BRDA:1148,0,1,-
BRDA:1148,0,2,-
BRDA:1148,0,3,-
BRDA:1150,0,0,-
BRDA:1150,0,1,-
BRDA:1150,0,2,-
BRDA:1150,0,3,-
BRDA:1150,0,4,-
BRDA:1150,0,5,-
BRDA:1151,0,0,-
BRDA:1151,0,1,-
BRDA:1153,0,0,-
BRDA:1153,0,1,-
BRDA:1153,0,2,-
BRDA:1153,0,3,-
BRDA:1165,0,0,5
BRDA:1165,0,1,0
BRDA:1165,0,2,5
BRDA:1165,0,3,0
BRDA:1165,0,4,5
BRDA:1165,0,5,0
BRDA:1175,0,0,0
BRDA:1175,0,1,5
BRDA:1175,0,2,0
BRDA:1175,0,3,0
BRDA:1175,0,4,0
BRDA:1175,0,5,0
BRDA:1175,0,6,0
BRDA:1175,0,7,5
BRDA:1175,0,8,0
BRDA:1175,0,9,0
BRDA:1175,0,10,0
BRDA:1175,0,11,0
BRDA:1176,0,0,-
BRDA:1176,0,1,-
BRDA:1176,0,2,-
BRDA:1176,0,3,-
BRDA:1176,0,4,-
BRDA:1176,0,5,-
BRDA:1176,0,6,-
BRDA:1176,0,7,-
BRDA:1179,0,0,-
BRDA:1179,0,1,-
BRDA:1179,0,2,-
BRDA:1179,0,3,-
BRDA:1179,0,4,-
BRDA:1179,0,5,-
BRDA:1182,0,0,-
BRDA:1182,0,1,-
BRDA:1182,0,2,-
BRDA:1182,0,3,-
BRDA:1182,0,4,-
BRDA:1182,0,5,-
BRDA:1190,0,0,2
BRDA:1190,0,1,0
BRDA:1190,0,2,2
BRDA:1190,0,3,0
BRDA:1196,0,0,-
BRDA:1196,0,1,-
BRDA:1196,0,2,-
BRDA:1196,0,3,-
BRDA:1196,0,4,-
BRDA:1196,0,5,-
BRDA:1196,0,6,-
BRDA:1196,0,7,-
BRDA:1196,0,8,-
BRDA:1196,0,9,-
BRDA:1198,0,0,-
BRDA:1198,0,1,-
BRF:970
BRH:116
DA:5,11
DA:7,11
DA:9,11
DA:11,11
DA:12,11
DA:14,11
DA:15,11
DA:17,11
DA:18,11
DA:19,11
DA:21,11
DA:22,11
DA:25,11
DA:27,11
DA:28,11
DA:30,0
DA:31,0
DA:34,11
DA:36,11
DA:37,11
DA:38,11
DA:41,11
DA:42,11
DA:44,11
DA:45,11
DA:46,11
DA:47,11
DA:49,11
DA:50,11
DA:51,11
DA:52,11
DA:53,11
DA:56,11
DA:58,22
DA:60,11
DA:61,22
DA:63,0
DA:68,0
DA:71,0
DA:72,0
DA:73,0
DA:74,0
DA:76,0
DA:84,0
DA:86,0
DA:88,0
DA:91,0
DA:92,0
DA:93,0
DA:94,0
DA:96,0
DA:100,0
DA:103,0
DA:105,0
DA:108,0
DA:109,0
DA:110,0
DA:111,0
DA:113,0
DA:115,0
DA:118,0
DA:120,0
DA:123,0
DA:124,0
DA:125,0
DA:126,0
DA:128,0
DA:130,0
DA:132,0
DA:136,0
DA:139,0
DA:140,0
DA:141,0
DA:142,0
DA:144,0
DA:146,0
DA:149,0
DA:151,0
DA:154,0
DA:155,0
DA:156,0
DA:157,0
DA:159,0
DA:161,0
DA:164,0
DA:166,0
DA:169,0
DA:170,0
DA:171,0
DA:172,0
DA:174,0
DA:175,0
DA:178,0
DA:180,0
DA:183,0
DA:184,0
DA:185,0
DA:186,0
DA:188,0
DA:189,0
DA:192,0
DA:194,0
DA:197,0
DA:198,0
DA:199,0
DA:200,0
DA:202,0
DA:203,0
DA:206,0
DA:208,0
DA:211,0
DA:212,0
DA:213,0
DA:214,0
DA:216,0
DA:217,0
DA:220,0
DA:222,0
DA:225,0
DA:226,0
DA:227,0
DA:228,0
DA:230,0
DA:231,0
DA:234,0
DA:236,0
DA:239,0
DA:240,0
DA:241,0
DA:242,0
DA:244,0
DA:245,0
DA:249,0
DA:251,0
DA:254,0
DA:255,0
DA:256,0
DA:257,0
DA:259,0
DA:260,0
DA:263,0
DA:265,0
DA:268,0
DA:269,0
DA:270,0
DA:271,0
DA:273,0
DA:274,0
DA:277,0
DA:279,0
DA:282,0
DA:283,0
DA:284,0
DA:285,0
DA:287,0
DA:288,0
DA:291,0
DA:293,0
DA:296,0
DA:297,0
DA:298,0
DA:299,0
DA:301,0
DA:302,0
DA:303,0
DA:306,0
DA:307,0
DA:309,0
DA:311,0
DA:314,0
DA:315,0
DA:317,0
DA:319,0
DA:322,0
DA:323,0
DA:324,0
DA:326,0
DA:329,0
DA:330,0
DA:331,0
DA:333,0
DA:336,0
DA:337,0
DA:338,0
DA:340,0
DA:342,0
DA:343,0
DA:344,0
DA:346,1
DA:348,1
DA:351,0
DA:353,0
DA:354,0
DA:356,1
DA:358,1
DA:361,0
DA:363,0
DA:364,0
DA:366,1
DA:368,1
DA:371,0
DA:373,0
DA:374,0
DA:376,1
DA:378,1
DA:381,0
DA:383,0
DA:384,0
DA:386,1
DA:388,1
DA:391,1
DA:393,1
DA:394,1
DA:396,2
DA:398,2
DA:401,1
DA:403,1
DA:404,1
DA:406,5
DA:408,5
DA:411,1
DA:413,1
DA:414,1
DA:416,0
DA:418,0
DA:421,0
DA:423,0
DA:424,0
DA:425,0
DA:427,0
DA:429,0
DA:430,0
DA:431,0
DA:432,0
DA:435,0
DA:437,0
DA:438,0
DA:439,0
DA:442,0
DA:444,0
DA:445,0
DA:447,0
DA:448,0
DA:449,0
DA:451,0
DA:453,0
DA:455,0
DA:456,0
DA:457,0
DA:459,0
DA:461,0
DA:463,0
DA:464,0
DA:465,0
DA:466,0
DA:468,0
DA:469,0
DA:470,0
DA:471,0
DA:473,0
DA:474,0
DA:475,0
DA:476,0
DA:478,0
DA:479,0
DA:480,0
DA:481,0
DA:483,0
DA:484,0
DA:485,0
DA:489,0
DA:491,0
DA:493,0
DA:494,0
DA:495,0
DA:496,0
DA:498,0
DA:499,0
DA:500,0
DA:501,0
DA:503,0
DA:504,0
DA:505,0
DA:506,0
DA:508,0
DA:509,0
DA:510,0
DA:511,0
DA:513,0
DA:514,0
DA:515,0
DA:519,0
DA:521,0
DA:523,0
DA:524,0
DA:525,0
DA:526,0
DA:528,0
DA:529,0
DA:530,0
DA:531,0
DA:533,0
DA:534,0
DA:535,0
DA:536,0
DA:538,0
DA:539,0
DA:540,0
DA:541,0
DA:543,0
DA:544,0
DA:545,0
DA:549,0
DA:551,0
DA:553,0
DA:554,0
DA:555,0
DA:556,0
DA:558,0
DA:559,0
DA:560,0
DA:561,0
DA:563,0
DA:564,0
DA:565,0
DA:566,0
DA:568,0
DA:569,0
DA:570,0
DA:571,0
DA:573,0
DA:574,0
DA:575,0
DA:578,0
DA:580,1
DA:582,1
DA:583,1
DA:584,1
DA:586,1
DA:587,1
DA:588,1
DA:590,1
DA:592,1
DA:594,0
DA:595,0
DA:596,0
DA:598,0
DA:599,0
DA:600,0
DA:602,0
DA:603,0
DA:604,0
DA:606,0
DA:607,0
DA:608,0
DA:612,0
DA:613,0
DA:614,0
DA:615,0
DA:616,0
DA:618,0
DA:619,0
DA:620,0
DA:621,0
DA:622,0
DA:623,0
DA:625,0
DA:626,0
DA:627,0
DA:630,0
DA:633,1
DA:636,1
DA:637,1
DA:638,1
DA:639,1
DA:641,1
DA:642,1
DA:643,1
DA:644,1
DA:646,1
DA:647,1
DA:648,1
DA:649,1
DA:651,1
DA:652,1
DA:653,1
DA:654,1
DA:657,1
DA:658,1
DA:659,1
DA:660,1
DA:661,1
DA:663,1
DA:664,1
DA:665,1
DA:666,1
DA:667,1
DA:668,1
DA:670,1
DA:671,1
DA:672,1
DA:674,1
DA:677,1
DA:680,0
DA:681,0
DA:682,0
DA:684,0
DA:685,0
DA:686,0
DA:688,0
DA:689,0
DA:690,0
DA:692,0
DA:693,0
DA:694,0
DA:697,0
DA:698,0
DA:699,0
DA:700,0
DA:701,0
DA:703,0
DA:704,0
DA:705,0
DA:706,0
DA:707,0
DA:708,0
DA:710,0
DA:711,0
DA:712,0
DA:714,0
DA:717,1
DA:719,0
DA:720,0
DA:721,0
DA:723,0
DA:724,0
DA:725,0
DA:727,0
DA:728,0
DA:729,0
DA:731,0
DA:732,0
DA:733,0
DA:736,0
DA:737,0
DA:738,0
DA:739,0
DA:740,0
DA:743,0
DA:744,0
DA:745,0
DA:746,0
DA:747,0
DA:748,0
DA:750,0
DA:751,0
DA:752,0
DA:754,0
DA:757,1
DA:759,0
DA:760,0
DA:761,0
DA:763,0
DA:765,0
DA:766,0
DA:770,1
DA:771,0
DA:772,1
DA:773,0
DA:779,0
DA:781,0
DA:783,0
DA:786,0
DA:788,0
DA:789,0
DA:792,0
DA:794,0
DA:795,0
DA:798,0
DA:800,0
DA:801,0
DA:804,0
DA:806,0
DA:807,0
DA:811,1
DA:812,1
DA:814,0
DA:816,0
DA:818,0
DA:819,0
DA:820,0
DA:821,0
DA:822,0
DA:824,0
DA:825,0
DA:826,0
DA:827,0
DA:829,0
DA:830,0
DA:831,0
DA:832,0
DA:834,0
DA:835,0
DA:836,0
DA:837,0
DA:839,0
DA:840,0
DA:841,0
DA:842,0
DA:845,0
DA:846,0
DA:847,0
DA:848,0
DA:849,0
DA:851,0
DA:852,0
DA:853,0
DA:854,0
DA:855,0
DA:857,0
DA:858,0
DA:859,0
DA:860,0
DA:862,0
DA:863,0
DA:864,0
DA:865,0
DA:867,0
DA:868,0
DA:869,0
DA:870,0
DA:872,0
DA:873,0
DA:874,0
DA:875,0
DA:877,0
DA:878,0
DA:880,1
DA:882,1
DA:883,1
DA:884,1
DA:886,12
DA:888,12
DA:889,12
DA:890,12
DA:891,12
DA:892,12
DA:894,12
DA:895,12
DA:897,12
DA:899,12
DA:900,12
DA:901,12
DA:902,12
DA:904,12
DA:905,12
DA:906,12
DA:907,12
DA:909,12
DA:910,12
DA:911,12
DA:912,12
DA:914,12
DA:915,12
DA:916,12
DA:917,12
DA:919,12
DA:922,0
DA:924,0
DA:926,0
DA:927,0
DA:928,0
DA:929,0
DA:930,0
DA:932,0
DA:934,0
DA:935,0
DA:936,0
DA:937,0
DA:938,0
DA:939,0
DA:941,1
DA:943,1
DA:944,1
DA:945,1
DA:946,1
DA:947,1
DA:948,1
DA:950,0
DA:952,0
DA:953,0
DA:954,0
DA:955,0
DA:956,0
DA:957,0
DA:959,0
DA:961,0
DA:962,0
DA:963,0
DA:964,0
DA:965,0
DA:966,0
DA:968,11
DA:970,11
DA:971,11
DA:972,11
DA:973,11
DA:975,11
DA:976,11
DA:977,11
DA:978,11
DA:980,11
DA:981,11
DA:982,11
DA:983,11
DA:985,11
DA:986,11
DA:987,11
DA:988,11
DA:990,11
DA:991,11
DA:992,11
DA:993,11
DA:994,11
DA:995,11
DA:997,5
DA:999,5
DA:1000,5
DA:1001,5
DA:1003,2
DA:1005,2
DA:1006,2
DA:1007,2
DA:1009,1
DA:1011,1
DA:1012,1
DA:1014,0
DA:1015,0
DA:1016,0
DA:1019,1
DA:1021,1
DA:1022,1
DA:1025,0
DA:1026,0
DA:1028,0
DA:1031,1
DA:1032,1
DA:1033,1
DA:1034,1
DA:1038,0
DA:1040,0
DA:1041,0
DA:1042,0
DA:1043,0
DA:1045,0
DA:1047,0
DA:1048,0
DA:1050,0
DA:1051,0
DA:1053,0
DA:1054,0
DA:1056,3
DA:1058,12
DA:1059,11
DA:1060,3
DA:1062,1
DA:1065,1
DA:1067,6
DA:1068,5
DA:1069,1
DA:1070,1
DA:1072,0
DA:1074,0
DA:1075,0
DA:1076,0
DA:1077,0
DA:1078,0
DA:1079,0
DA:1080,0
DA:1082,1
DA:1085,1
DA:1086,1
DA:1088,1
DA:1090,1
DA:1091,1
DA:1092,0
DA:1095,1
DA:1097,0
DA:1100,0
DA:1104,0
DA:1105,0
DA:1106,0
DA:1107,0
DA:1110,0
DA:1113,0
DA:1115,0
DA:1117,2
DA:1119,2
DA:1122,0
DA:1124,0
DA:1125,0
DA:1127,1
DA:1129,1
DA:1132,0
DA:1134,0
DA:1135,0
DA:1137,15
DA:1139,15
DA:1142,0
DA:1145,0
DA:1146,0
DA:1147,0
DA:1148,0
DA:1150,0
DA:1151,0
DA:1153,0
DA:1154,0
DA:1157,0
DA:1159,5
DA:1165,5
DA:1169,5
DA:1170,5
DA:1171,5
DA:1175,5
DA:1176,0
DA:1179,0
DA:1182,0
DA:1186,5
DA:1189,2
DA:1190,2
DA:1192,2
DA:1194,0
DA:1196,0
DA:1198,0
DA:1199,0
LF:735
LH:216
end_of_record
TN:
SF:/home/pavle/Desktop/2023_Analysis_04-slagalica/04-slagalica/src/slagalica/koznazna.cpp
FN:4,_ZN8KoZnaZna5guessEiiP10QTcpSocketii
FN:22,_ZN8KoZnaZna4initEv
FN:27,_ZN8KoZnaZna14calculateScoreEv
FN:32,_ZN8KoZnaZna14calculateScoreEbdd
FN:43,_ZN8KoZnaZna11sendMessageEP10QTcpSocket7QString
FNDA:1,_ZN8KoZnaZna5guessEiiP10QTcpSocketii
FNDA:0,_ZN8KoZnaZna14calculateScoreEv
FNDA:0,_ZN8KoZnaZna14calculateScoreEbdd
FNDA:0,_ZN8KoZnaZna4initEv
FNDA:1,_ZN8KoZnaZna11sendMessageEP10QTcpSocket7QString
FNF:5
FNH:2
BRDA:6,0,0,1
BRDA:6,0,1,0
BRDA:7,0,0,1
BRDA:7,0,1,0
BRDA:8,0,0,1
BRDA:8,0,1,0
BRDA:8,0,2,1
BRDA:8,0,3,0
BRDA:9,0,0,1
BRDA:9,0,1,0
BRDA:9,0,2,1
BRDA:9,0,3,0
BRDA:9,0,4,1
BRDA:9,0,5,0
BRDA:10,0,0,1
BRDA:10,0,1,0
BRDA:10,0,2,1
BRDA:10,0,3,0
BRDA:10,0,4,1
BRDA:10,0,5,0
BRDA:12,0,0,1
BRDA:12,0,1,0
BRDA:34,0,0,-
BRDA:34,0,1,-
BRDA:34,0,2,-
BRDA:34,0,3,-
BRDA:36,0,0,-
BRDA:36,0,1,-
BRDA:45,0,0,1
BRDA:45,0,1,0
BRF:30
BRH:12
DA:4,1
DA:6,2
DA:7,2
DA:8,4
DA:9,4
DA:10,3
DA:12,1
DA:20,1
DA:22,0
DA:25,0
DA:27,0
DA:29,0
DA:32,0
DA:34,0
DA:35,0
DA:36,0
DA:37,0
DA:40,0
DA:43,1
DA:45,1
DA:46,1
DA:47,1
LF:22
LH:12
end_of_record
TN:
SF:/home/pavle/Desktop/2023_Analysis_04-slagalica/04-slagalica/src/slagalica/koznaznaui.cpp
FN:9,_ZN10KoznaznauiC2EP7QWidgetP10QTcpSocketi7QStringS4_iii
FN:45,_ZN10KoznaznauiD2Ev
FN:45,_ZN10KoznaznauiD0Ev
FN:51,_ZN10Koznaznaui15on_pb_A_clickedEv
FN:57,_ZN10Koznaznaui15on_pb_B_clickedEv
FN:63,_ZN10Koznaznaui15on_pb_C_clickedEv
FN:69,_ZN10Koznaznaui15on_pb_D_clickedEv
FN:75,_ZN10Koznaznaui10on_timesUpEv
FN:81,_ZN10Koznaznaui5getUiEv
FN:86,_ZN10Koznaznaui11sendMessageEP10QTcpSocket7QString
FN:93,_ZN10Koznaznaui10updateTimeEv
FN:103,_ZN10Koznaznaui12updateTimeMsEv
FN:108,_ZN10Koznaznaui11getQuestionEi
FN:114,_ZN10Koznaznaui9readyReadEv
FN:124,_ZNK10Koznaznaui11clientName2Ev
FN:129,_ZN10Koznaznaui14setClientName2ERK7QString
FN:134,_ZNK10Koznaznaui11clientName1Ev
FN:139,_ZN10Koznaznaui14setClientName1ERK7QString
FN:144,_ZNK10Koznaznaui15questionCounterEv
FN:149,_ZN10Koznaznaui18setQuestionCounterEi
FN:154,_ZNK10Koznaznaui2idEv
FN:159,_ZN10Koznaznaui5setIdEi
FN:164,_ZN10Koznaznaui15displayQuestionE7QString
FN:188,_ZN10Koznaznaui13displayAnswerE7QString
FN:223,_ZN10Koznaznaui9disableUiEv
FN:233,_ZN10Koznaznaui8enableUiEv
FN:244,_ZN10Koznaznaui8nextGameEv
FN:250,_ZNK10Koznaznaui6timeMsEv
FN:255,_ZN10Koznaznaui9setTimeMsEi
FN:260,_ZNK10Koznaznaui4timeEv
FN:265,_ZN10Koznaznaui7setTimeEi
FN:272,_ZN10Koznaznaui12paintButtonsEiii
FN:342,_ZN10Koznaznaui14restartButtonsEv
FN:357,_ZN10Koznaznaui12nextQuestionEv
FN:371,_ZN10Koznaznaui18on_pb_Next_clickedEv
FNDA:1,_ZN10Koznaznaui10on_timesUpEv
FNDA:0,_ZN10Koznaznaui15on_pb_B_clickedEv
FNDA:0,_ZN10Koznaznaui11getQuestionEi
FNDA:25,_ZN10Koznaznaui5getUiEv
FNDA:0,_ZN10Koznaznaui18on_pb_Next_clickedEv
FNDA:2,_ZN10Koznaznaui10updateTimeEv
FNDA:0,_ZN10Koznaznaui13displayAnswerE7QString
FNDA:1,_ZNK10Koznaznaui2idEv
FNDA:1,_ZN10Koznaznaui12updateTimeMsEv
FNDA:1,_ZN10Koznaznaui7setTimeEi
FNDA:6,_ZN10KoznaznauiD0Ev
FNDA:3,_ZNK10Koznaznaui6timeMsEv
FNDA:0,_ZN10Koznaznaui14restartButtonsEv
FNDA:1,_ZN10Koznaznaui8enableUiEv
FNDA:0,_ZN10Koznaznaui15on_pb_C_clickedEv
FNDA:1,_ZNK10Koznaznaui11clientName1Ev
FNDA:0,_ZN10Koznaznaui5setIdEi
FNDA:1,_ZNK10Koznaznaui11clientName2Ev
FNDA:0,_ZN10Koznaznaui15on_pb_A_clickedEv
FNDA:1,_ZN10Koznaznaui9setTimeMsEi
FNDA:0,_ZN10Koznaznaui12nextQuestionEv
FNDA:0,_ZN10Koznaznaui14setClientName1ERK7QString
FNDA:1,_ZNK10Koznaznaui15questionCounterEv
FNDA:3,_ZNK10Koznaznaui4timeEv
FNDA:6,_ZN10KoznaznauiD2Ev
FNDA:1,_ZN10Koznaznaui15displayQuestionE7QString
FNDA:6,_ZN10KoznaznauiC2EP7QWidgetP10QTcpSocketi7QStringS4_iii
FNDA:0,_ZN10Koznaznaui12paintButtonsEiii
FNDA:0,_ZN10Koznaznaui14setClientName2ERK7QString
FNDA:0,_ZN10Koznaznaui8nextGameEv
FNDA:0,_ZN10Koznaznaui11sendMessageEP10QTcpSocket7QString
FNDA:1,_ZN10Koznaznaui9disableUiEv
FNDA:0,_ZN10Koznaznaui18setQuestionCounterEi
FNDA:0,_ZN10Koznaznaui15on_pb_D_clickedEv
FNDA:0,_ZN10Koznaznaui9readyReadEv
FNF:35
FNH:18
BRDA:11,0,0,6
BRDA:11,0,1,0
BRDA:11,0,2,6
BRDA:11,0,3,0
BRDA:17,0,0,6
BRDA:17,0,1,0
BRDA:17,0,2,6
BRDA:17,0,3,0
BRDA:17,0,4,6
BRDA:17,0,5,0
BRDA:18,0,0,6
BRDA:18,0,1,0
BRDA:20,0,0,6
BRDA:20,0,1,0
BRDA:21,0,0,6
BRDA:21,0,1,0
BRDA:23,0,0,6
BRDA:23,0,1,0
BRDA:24,0,0,6
BRDA:24,0,1,0
BRDA:26,0,0,6
BRDA:26,0,1,0
BRDA:30,0,0,6
BRDA:30,0,1,0
BRDA:30,0,2,6
BRDA:30,0,3,0
BRDA:33,0,0,6
BRDA:33,0,1,0
BRDA:33,0,2,6
BRDA:33,0,3,0
BRDA:34,0,0,6
BRDA:34,0,1,0
BRDA:34,0,2,6
BRDA:34,0,3,0
BRDA:34,0,4,6
BRDA:34,0,5,0
BRDA:35,0,0,6
BRDA:35,0,1,0
BRDA:36,0,0,6
BRDA:36,0,1,0
BRDA:39,0,0,6
BRDA:39,0,1,0
BRDA:39,0,2,6
BRDA:39,0,3,0
BRDA:40,0,0,6
BRDA:40,0,1,0
BRDA:40,0,2,6
BRDA:40,0,3,0
BRDA:40,0,4,6
BRDA:40,0,5,0
BRDA:41,0,0,6
BRDA:41,0,1,0
BRDA:47,0,0,6
BRDA:47,0,1,0
BRDA:48,0,0,6
BRDA:48,0,1,0
BRDA:88,0,0,-
BRDA:88,0,1,-
BRDA:97,0,0,2
BRDA:97,0,1,0
BRDA:99,0,0,0
BRDA:99,0,1,2
BRDA:110,0,0,-
BRDA:110,0,1,-
BRDA:110,0,2,-
BRDA:110,0,3,-
BRDA:110,0,4,-
BRDA:110,0,5,-
BRDA:110,0,6,-
BRDA:110,0,7,-
BRDA:110,0,8,-
BRDA:110,0,9,-
BRDA:111,0,0,-
BRDA:111,0,1,-
BRDA:116,0,0,-
BRDA:116,0,1,-
BRDA:116,0,2,-
BRDA:116,0,3,-
BRDA:117,0,0,-
BRDA:117,0,1,-
BRDA:117,0,2,-
BRDA:117,0,3,-
BRDA:118,0,0,-
BRDA:118,0,1,-
BRDA:118,0,2,-
BRDA:118,0,3,-
BRDA:119,0,0,-
BRDA:119,0,1,-
BRDA:119,0,2,-
BRDA:119,0,3,-
BRDA:121,0,0,-
BRDA:121,0,1,-
BRDA:121,0,2,-
BRDA:121,0,3,-
BRDA:167,0,0,1
BRDA:167,0,1,0
BRDA:168,0,0,1
BRDA:168,0,1,0
BRDA:168,0,2,1
BRDA:168,0,3,0
BRDA:170,0,0,1
BRDA:170,0,1,0
BRDA:170,0,2,1
BRDA:170,0,3,0
BRDA:171,0,0,1
BRDA:171,0,1,0
BRDA:171,0,2,1
BRDA:171,0,3,0
BRDA:171,0,4,1
BRDA:171,0,5,0
BRDA:172,0,0,1
BRDA:172,0,1,0
BRDA:172,0,2,1
BRDA:172,0,3,0
BRDA:172,0,4,1
BRDA:172,0,5,0
BRDA:173,0,0,1
BRDA:173,0,1,0
BRDA:173,0,2,1
BRDA:173,0,3,0
BRDA:173,0,4,1
BRDA:173,0,5,0
BRDA:174,0,0,1
BRDA:174,0,1,0
BRDA:174,0,2,1
BRDA:174,0,3,0
BRDA:174,0,4,1
BRDA:174,0,5,0
BRDA:175,0,0,1
BRDA:175,0,1,0
BRDA:175,0,2,1
BRDA:175,0,3,0
BRDA:175,0,4,1
BRDA:175,0,5,0
BRDA:177,0,0,1
BRDA:177,0,1,0
BRDA:177,0,2,1
BRDA:177,0,3,0
BRDA:182,0,0,1
BRDA:182,0,1,0
BRDA:184,0,0,1
BRDA:184,0,1,0
BRDA:190,0,0,-
BRDA:190,0,1,-
BRDA:190,0,2,-
BRDA:190,0,3,-
BRDA:191,0,0,-
BRDA:191,0,1,-
BRDA:191,0,2,-
BRDA:191,0,3,-
BRDA:192,0,0,-
BRDA:192,0,1,-
BRDA:192,0,2,-
BRDA:192,0,3,-
BRDA:193,0,0,-
BRDA:193,0,1,-
BRDA:193,0,2,-
BRDA:193,0,3,-
BRDA:195,0,0,-
BRDA:195,0,1,-
BRDA:195,0,2,-
BRDA:195,0,3,-
BRDA:196,0,0,-
BRDA:196,0,1,-
BRDA:196,0,2,-
BRDA:196,0,3,-
BRDA:197,0,0,-
BRDA:197,0,1,-
BRDA:197,0,2,-
BRDA:197,0,3,-
BRDA:200,0,0,-
BRDA:200,0,1,-
BRDA:200,0,2,-
BRDA:200,0,3,-
BRDA:201,0,0,-
BRDA:201,0,1,-
BRDA:201,0,2,-
BRDA:201,0,3,-
BRDA:202,0,0,-
BRDA:202,0,1,-
BRDA:205,0,0,-
BRDA:205,0,1,-
BRDA:209,0,0,-
BRDA:209,0,1,-
BRDA:212,0,0,-
BRDA:212,0,1,-
BRDA:216,0,0,-
BRDA:216,0,1,-
BRDA:216,0,2,-
BRDA:216,0,3,-
BRDA:217,0,0,-
BRDA:217,0,1,-
BRDA:217,0,2,-
BRDA:217,0,3,-
BRDA:219,0,0,-
BRDA:219,0,1,-
BRDA:274,0,0,-
BRDA:274,0,1,-
BRDA:275,0,0,-
BRDA:275,0,1,-
BRDA:277,0,0,-
BRDA:277,0,1,-
BRDA:278,0,0,-
BRDA:278,0,1,-
BRDA:280,0,0,-
BRDA:280,0,1,-
BRDA:281,0,0,-
BRDA:281,0,1,-
BRDA:283,0,0,-
BRDA:283,0,1,-
BRDA:284,0,0,-
BRDA:284,0,1,-
BRDA:289,0,0,-
BRDA:289,0,1,-
BRDA:291,0,0,-
BRDA:291,0,1,-
BRDA:292,0,0,-
BRDA:292,0,1,-
BRDA:292,0,2,-
BRDA:292,0,3,-
BRDA:294,0,0,-
BRDA:294,0,1,-
BRDA:295,0,0,-
BRDA:295,0,1,-
BRDA:295,0,2,-
BRDA:295,0,3,-
BRDA:298,0,0,-
BRDA:298,0,1,-
BRDA:299,0,0,-
BRDA:299,0,1,-
BRDA:299,0,2,-
BRDA:299,0,3,-
BRDA:301,0,0,-
BRDA:301,0,1,-
BRDA:302,0,0,-
BRDA:302,0,1,-
BRDA:302,0,2,-
BRDA:302,0,3,-
BRDA:307,0,0,-
BRDA:307,0,1,-
BRDA:308,0,0,-
BRDA:308,0,1,-
BRDA:308,0,2,-
BRDA:308,0,3,-
BRDA:310,0,0,-
BRDA:310,0,1,-
BRDA:311,0,0,-
BRDA:311,0,1,-
BRDA:311,0,2,-
BRDA:311,0,3,-
BRDA:313,0,0,-
BRDA:313,0,1,-
BRDA:314,0,0,-
BRDA:314,0,1,-
BRDA:314,0,2,-
BRDA:314,0,3,-
BRDA:316,0,0,-
BRDA:316,0,1,-
BRDA:317,0,0,-
BRDA:317,0,1,-
BRDA:317,0,2,-
BRDA:317,0,3,-
BRDA:320,0,0,-
BRDA:320,0,1,-
BRDA:321,0,0,-
BRDA:321,0,1,-
BRDA:321,0,2,-
BRDA:321,0,3,-
BRDA:323,0,0,-
BRDA:323,0,1,-
BRDA:324,0,0,-
BRDA:324,0,1,-
BRDA:324,0,2,-
BRDA:324,0,3,-
BRDA:326,0,0,-
BRDA:326,0,1,-
BRDA:327,0,0,-
BRDA:327,0,1,-
BRDA:327,0,2,-
BRDA:327,0,3,-
BRDA:329,0,0,-
BRDA:329,0,1,-
BRDA:330,0,0,-
BRDA:330,0,1,-
BRDA:330,0,2,-
BRDA:330,0,3,-
BRDA:338,0,0,-
BRDA:338,0,1,-
BRDA:343,0,0,-
BRDA:343,0,1,-
BRDA:345,0,0,-
BRDA:345,0,1,-
BRDA:347,0,0,-
BRDA:347,0,1,-
BRDA:349,0,0,-
BRDA:349,0,1,-
BRDA:361,0,0,-
BRDA:361,0,1,-
BRDA:364,0,0,-
BRDA:364,0,1,-
BRF:300
BRH:54
DA:9,6
DA:11,6
DA:13,6
DA:14,6
DA:15,6
DA:16,6
DA:17,6
DA:18,6
DA:20,6
DA:21,6
DA:23,6
DA:24,6
DA:26,6
DA:27,6
DA:29,6
DA:30,6
DA:31,6
DA:33,6
DA:34,6
DA:35,6
DA:36,6
DA:39,6
DA:40,6
DA:41,6
DA:43,6
DA:45,12
DA:47,6
DA:48,6
DA:49,12
DA:51,0
DA:53,0
DA:54,0
DA:55,0
DA:57,0
DA:59,0
DA:60,0
DA:61,0
DA:63,0
DA:65,0
DA:66,0
DA:67,0
DA:69,0
DA:71,0
DA:72,0
DA:73,0
DA:75,1
DA:77,1
DA:78,1
DA:79,1
DA:81,25
DA:83,25
DA:86,0
DA:88,0
DA:89,0
DA:91,0
DA:93,2
DA:96,2
DA:97,2
DA:99,2
DA:100,0
DA:102,2
DA:103,1
DA:105,1
DA:106,1
DA:108,0
DA:110,0
DA:111,0
DA:112,0
DA:114,0
DA:116,0
DA:117,0
DA:118,0
DA:119,0
DA:121,0
DA:122,0
DA:124,1
DA:126,1
DA:129,0
DA:131,0
DA:132,0
DA:134,1
DA:136,1
DA:139,0
DA:141,0
DA:142,0
DA:144,1
DA:146,1
DA:149,0
DA:151,0
DA:152,0
DA:154,1
DA:156,1
DA:159,0
DA:161,0
DA:162,0
DA:164,1
DA:167,1
DA:168,1
DA:169,1
DA:170,1
DA:171,1
DA:172,1
DA:173,1
DA:174,1
DA:175,1
DA:177,1
DA:180,1
DA:182,1
DA:184,1
DA:186,1
DA:188,0
DA:190,0
DA:191,0
DA:192,0
DA:193,0
DA:195,0
DA:196,0
DA:197,0
DA:200,0
DA:201,0
DA:202,0
DA:203,0
DA:205,0
DA:206,0
DA:209,0
DA:210,0
DA:212,0
DA:213,0
DA:216,0
DA:217,0
DA:219,0
DA:221,0
DA:223,1
DA:225,1
DA:226,1
DA:227,1
DA:228,1
DA:229,1
DA:230,1
DA:231,1
DA:233,1
DA:235,1
DA:236,1
DA:237,1
DA:238,1
DA:239,1
DA:240,1
DA:241,1
DA:242,1
DA:244,0
DA:246,0
DA:247,0
DA:248,0
DA:250,3
DA:252,3
DA:255,1
DA:257,1
DA:258,1
DA:260,3
DA:262,3
DA:265,1
DA:267,1
DA:268,1
DA:272,0
DA:274,0
DA:275,0
DA:277,0
DA:278,0
DA:280,0
DA:281,0
DA:283,0
DA:284,0
DA:289,0
DA:291,0
DA:292,0
DA:294,0
DA:295,0
DA:298,0
DA:299,0
DA:301,0
DA:302,0
DA:307,0
DA:308,0
DA:310,0
DA:311,0
DA:313,0
DA:314,0
DA:316,0
DA:317,0
DA:320,0
DA:321,0
DA:323,0
DA:324,0
DA:326,0
DA:327,0
DA:329,0
DA:330,0
DA:338,0
DA:340,0
DA:342,0
DA:343,0
DA:345,0
DA:347,0
DA:349,0
DA:354,0
DA:355,0
DA:357,0
DA:360,0
DA:361,0
DA:363,0
DA:364,0
DA:367,0
DA:368,0
DA:371,0
DA:373,0
DA:374,0
LF:216
LH:93
end_of_record
TN:
SF:/home/pavle/Desktop/2023_Analysis_04-slagalica/04-slagalica/src/slagalica/model.cpp
FN:6,_ZN9TreeModelC2ERK5QListIP9GameModelEP7QObject
FN:13,_ZN9TreeModelD2Ev
FN:13,_ZN9TreeModelD0Ev
FN:18,_ZNK9TreeModel11columnCountERK11QModelIndex
FN:27,_ZNK9TreeModel4dataERK11QModelIndexi
FN:43,_ZNK9TreeModel5flagsERK11QModelIndex
FN:53,_ZNK9TreeModel10headerDataEiN2Qt11OrientationEi
FN:64,_ZNK9TreeModel5indexEiiRK11QModelIndex
FN:90,_ZNK9TreeModel6parentERK11QModelIndex
FN:106,_ZNK9TreeModel8rowCountERK11QModelIndex
FN:127,_ZN9TreeModel14setupModelDataE5QListIP9GameModelE
FNDA:0,_ZN9TreeModel14setupModelDataE5QListIP9GameModelE
FNDA:0,_ZNK9TreeModel5flagsERK11QModelIndex
FNDA:0,_ZN9TreeModelC2ERK5QListIP9GameModelEP7QObject
FNDA:0,_ZNK9TreeModel4dataERK11QModelIndexi
FNDA:0,_ZNK9TreeModel6parentERK11QModelIndex
FNDA:0,_ZNK9TreeModel10headerDataEiN2Qt11OrientationEi
FNDA:0,_ZNK9TreeModel11columnCountERK11QModelIndex
FNDA:0,_ZNK9TreeModel5indexEiiRK11QModelIndex
FNDA:0,_ZN9TreeModelD2Ev
FNDA:0,_ZNK9TreeModel8rowCountERK11QModelIndex
FNDA:0,_ZN9TreeModelD0Ev
FNF:11
FNH:0
BRDA:9,0,0,-
BRDA:9,0,1,-
BRDA:9,0,2,-
BRDA:9,0,3,-
BRDA:9,0,4,-
BRDA:9,0,5,-
BRDA:9,0,6,-
BRDA:9,0,7,-
BRDA:9,0,8,-
BRDA:9,0,9,-
BRDA:10,0,0,-
BRDA:10,0,1,-
BRDA:15,0,0,-
BRDA:15,0,1,-
BRDA:20,0,0,-
BRDA:20,0,1,-
BRDA:29,0,0,-
BRDA:29,0,1,-
BRDA:34,0,0,-
BRDA:34,0,1,-
BRDA:45,0,0,-
BRDA:45,0,1,-
BRDA:56,0,0,-
BRDA:56,0,1,-
BRDA:56,0,2,-
BRDA:56,0,3,-
BRDA:66,0,0,-
BRDA:66,0,1,-
BRDA:73,0,0,-
BRDA:73,0,1,-
BRDA:83,0,0,-
BRDA:83,0,1,-
BRDA:92,0,0,-
BRDA:92,0,1,-
BRDA:98,0,0,-
BRDA:98,0,1,-
BRDA:108,0,0,-
BRDA:108,0,1,-
BRDA:115,0,0,-
BRDA:115,0,1,-
BRDA:129,0,0,-
BRDA:129,0,1,-
BRDA:131,0,0,-
BRDA:131,0,1,-
BRDA:131,0,2,-
BRDA:131,0,3,-
BRDA:131,0,4,-
BRDA:131,0,5,-
BRDA:132,0,0,-
BRDA:132,0,1,-
BRF:50
BRH:0
DA:6,0
DA:7,0
DA:9,0
DA:10,0
DA:11,0
DA:13,0
DA:15,0
DA:16,0
DA:18,0
DA:20,0
DA:22,0
DA:24,0
DA:27,0
DA:29,0
DA:31,0
DA:34,0
DA:36,0
DA:39,0
DA:40,0
DA:43,0
DA:45,0
DA:47,0
DA:50,0
DA:53,0
DA:56,0
DA:58,0
DA:61,0
DA:64,0
DA:66,0
DA:68,0
DA:73,0
DA:75,0
DA:79,0
DA:82,0
DA:83,0
DA:85,0
DA:87,0
DA:90,0
DA:92,0
DA:93,0
DA:95,0
DA:96,0
DA:98,0
DA:100,0
DA:103,0
DA:106,0
DA:108,0
DA:110,0
DA:115,0
DA:117,0
DA:121,0
DA:124,0
DA:127,0
DA:129,0
DA:131,0
DA:132,0
DA:134,0
LF:57
LH:0
end_of_record
TN:
SF:/home/pavle/Desktop/2023_Analysis_04-slagalica/04-slagalica/src/slagalica/modelitem.cpp
FN:4,_ZN9ModelItemC2EP13IAttributablePS_
FN:9,_ZN9ModelItemD2Ev
FN:15,_ZN9ModelItem11appendChildEPS_
FN:20,_ZN9ModelItem5childEi
FN:29,_ZNK9ModelItem10childCountEv
FN:34,_ZNK9ModelItem11columnCountEv
FN:39,_ZNK9ModelItem9attributeEi
FN:44,_ZN9ModelItem10parentItemEv
FN:49,_ZNK9ModelItem4dataEv
FN:54,_ZNK9ModelItem3rowEv
FNDA:0,_ZN9ModelItemC2EP13IAttributablePS_
FNDA:0,_ZN9ModelItemD2Ev
FNDA:0,_ZNK9ModelItem3rowEv
FNDA:0,_ZN9ModelItem11appendChildEPS_
FNDA:0,_ZNK9ModelItem4dataEv
FNDA:0,_ZNK9ModelItem11columnCountEv
FNDA:0,_ZNK9ModelItem9attributeEi
FNDA:0,_ZNK9ModelItem10childCountEv
FNDA:0,_ZN9ModelItem5childEi
FNDA:0,_ZN9ModelItem10parentItemEv
FNF:10
FNH:0
BRDA:11,0,0,-
BRDA:11,0,1,-
BRDA:22,0,0,-
BRDA:22,0,1,-
BRDA:22,0,2,-
BRDA:22,0,3,-
BRDA:22,0,4,-
BRDA:22,0,5,-
BRDA:56,0,0,-
BRDA:56,0,1,-
BRF:10
BRH:0
DA:4,0
DA:5,0
DA:6,0
DA:7,0
DA:9,0
DA:11,0
DA:12,0
DA:13,0
DA:15,0
DA:17,0
DA:18,0
DA:20,0
DA:22,0
DA:24,0
DA:26,0
DA:29,0
DA:31,0
DA:34,0
DA:36,0
DA:39,0
DA:41,0
DA:44,0
DA:46,0
DA:49,0
DA:51,0
DA:54,0
DA:56,0
DA:58,0
DA:61,0
LF:29
LH:0
end_of_record
TN:
SF:/home/pavle/Desktop/2023_Analysis_04-slagalica/04-slagalica/src/slagalica/najboljirezultati.cpp
FN:13,_ZN17NajboljiRezultatiC2EP7QWidgetP10QTcpSocketi
FN:33,_ZN17NajboljiRezultatiD0Ev
FN:33,_ZN17NajboljiRezultatiD2Ev
FN:39,_ZNK17NajboljiRezultati5getUiEv
FN:44,_ZNK17NajboljiRezultati10gamesModelEv
FN:49,_ZN17NajboljiRezultati18on_pbNazad_clickedEv
FN:53,_ZN17NajboljiRezultati9readyReadEv
FN:59,_ZN17NajboljiRezultati8loadDataEP10Serializer
FN:74,_ZN17NajboljiRezultati19connectViewAndModelERK5QListIP9GameModelE
FN:92,_ZN17NajboljiRezultati11sendMessageEP10QTcpSocket7QString
FNDA:0,_ZN17NajboljiRezultati11sendMessageEP10QTcpSocket7QString
FNDA:0,_ZNK17NajboljiRezultati5getUiEv
FNDA:0,_ZN17NajboljiRezultati9readyReadEv
FNDA:0,_ZN17NajboljiRezultatiC2EP7QWidgetP10QTcpSocketi
FNDA:0,_ZN17NajboljiRezultatiD2Ev
FNDA:0,_ZN17NajboljiRezultati19connectViewAndModelERK5QListIP9GameModelE
FNDA:0,_ZNK17NajboljiRezultati10gamesModelEv
FNDA:0,_ZN17NajboljiRezultatiD0Ev
FNDA:0,_ZN17NajboljiRezultati8loadDataEP10Serializer
FNDA:0,_ZN17NajboljiRezultati18on_pbNazad_clickedEv
FNF:10
FNH:0
BRDA:17,0,0,-
BRDA:17,0,1,-
BRDA:17,0,2,-
BRDA:17,0,3,-
BRDA:20,0,0,-
BRDA:20,0,1,-
BRDA:21,0,0,-
BRDA:21,0,1,-
BRDA:21,0,2,-
BRDA:21,0,3,-
BRDA:23,0,0,-
BRDA:23,0,1,-
BRDA:25,0,0,-
BRDA:25,0,1,-
BRDA:25,0,2,-
BRDA:25,0,3,-
BRDA:25,0,4,-
BRDA:25,0,5,-
BRDA:26,0,0,-
BRDA:26,0,1,-
BRDA:26,0,2,-
BRDA:26,0,3,-
BRDA:29,0,0,-
BRDA:29,0,1,-
BRDA:36,0,0,-
BRDA:36,0,1,-
BRDA:61,0,0,-
BRDA:61,0,1,-
BRDA:61,0,2,-
BRDA:61,0,3,-
BRDA:64,0,0,-
BRDA:64,0,1,-
BRDA:64,0,2,-
BRDA:64,0,3,-
BRDA:66,0,0,-
BRDA:66,0,1,-
BRDA:66,0,2,-
BRDA:66,0,3,-
BRDA:68,0,0,-
BRDA:68,0,1,-
BRDA:71,0,0,-
BRDA:71,0,1,-
BRDA:71,0,2,-
BRDA:71,0,3,-
BRDA:76,0,0,-
BRDA:76,0,1,-
BRDA:78,0,0,-
BRDA:78,0,1,-
BRDA:94,0,0,-
BRDA:94,0,1,-
BRF:50
BRH:0
DA:13,0
DA:15,0
DA:16,0
DA:17,0
DA:20,0
DA:21,0
DA:23,0
DA:25,0
DA:26,0
DA:29,0
DA:31,0
DA:33,0
DA:35,0
DA:36,0
DA:37,0
DA:39,0
DA:41,0
DA:44,0
DA:46,0
DA:49,0
DA:51,0
DA:52,0
DA:53,0
DA:55,0
DA:57,0
DA:59,0
DA:61,0
DA:64,0
DA:66,0
DA:68,0
DA:71,0
DA:72,0
DA:74,0
DA:76,0
DA:78,0
DA:79,0
DA:81,0
DA:82,0
DA:85,0
DA:86,0
DA:87,0
DA:89,0
DA:90,0
DA:92,0
DA:94,0
DA:95,0
DA:96,0
LF:47
LH:0
end_of_record
TN:
SF:/home/pavle/Desktop/2023_Analysis_04-slagalica/04-slagalica/src/slagalica/spojnice.cpp
FN:4,_ZN8SpojniceC2Ev
FN:10,_ZN8SpojniceD0Ev
FN:10,_ZN8SpojniceD2Ev
FN:15,_ZN8Spojnice5guessEiiiiP10QTcpSocket
FN:29,_ZN8Spojnice4initEv
FN:34,_ZN8Spojnice14calculateScoreEv
FN:39,_ZNK8Spojnice14calcluateScoreEb
FN:44,_ZNK8Spojnice13getCurrentRowEv
FN:49,_ZN8Spojnice13setCurrentRowEi
FN:54,_ZN8Spojnice19incrementCurrentRowEv
FN:59,_ZN8Spojnice11sendMessageEP10QTcpSocket7QString
FNDA:0,_ZN8Spojnice13setCurrentRowEi
FNDA:0,_ZN8SpojniceD0Ev
FNDA:0,_ZN8Spojnice14calculateScoreEv
FNDA:0,_ZN8Spojnice11sendMessageEP10QTcpSocket7QString
FNDA:0,_ZN8Spojnice5guessEiiiiP10QTcpSocket
FNDA:0,_ZN8SpojniceD2Ev
FNDA:0,_ZN8Spojnice4initEv
FNDA:0,_ZN8Spojnice19incrementCurrentRowEv
FNDA:5,_ZN8SpojniceC2Ev
FNDA:0,_ZNK8Spojnice13getCurrentRowEv
FNDA:0,_ZNK8Spojnice14calcluateScoreEb
FNF:11
FNH:1
BRDA:17,0,0,-
BRDA:17,0,1,-
BRDA:18,0,0,-
BRDA:18,0,1,-
BRDA:19,0,0,-
BRDA:19,0,1,-
BRDA:19,0,2,-
BRDA:19,0,3,-
BRDA:20,0,0,-
BRDA:20,0,1,-
BRDA:21,0,0,-
BRDA:21,0,1,-
BRDA:21,0,2,-
BRDA:21,0,3,-
BRDA:22,0,0,-
BRDA:22,0,1,-
BRDA:23,0,0,-
BRDA:23,0,1,-
BRDA:23,0,2,-
BRDA:23,0,3,-
BRDA:26,0,0,-
BRDA:26,0,1,-
BRDA:41,0,0,-
BRDA:41,0,1,-
BRDA:61,0,0,-
BRDA:61,0,1,-
BRDA:61,0,2,-
BRDA:61,0,3,-
BRDA:62,0,0,-
BRDA:62,0,1,-
BRF:30
BRH:0
DA:4,5
DA:8,5
DA:10,0
DA:13,0
DA:15,0
DA:17,0
DA:18,0
DA:19,0
DA:20,0
DA:21,0
DA:22,0
DA:23,0
DA:26,0
DA:27,0
DA:29,0
DA:31,0
DA:34,0
DA:36,0
DA:39,0
DA:41,0
DA:44,0
DA:46,0
DA:49,0
DA:51,0
DA:52,0
DA:54,0
DA:56,0
DA:57,0
DA:59,0
DA:61,0
DA:62,0
DA:63,0
DA:64,0
LF:33
LH:2
end_of_record
TN:
SF:/home/pavle/Desktop/2023_Analysis_04-slagalica/04-slagalica/src/slagalica/spojniceui.cpp
FN:7,_ZN10SpojniceUiC2EP7QWidgetP10QTcpSocketi7QStringS4_iii
FN:72,_ZN10SpojniceUiD0Ev
FN:72,_ZN10SpojniceUiD2Ev
FN:78,_ZN10SpojniceUi10on_timesUpEv
FN:85,_ZN10SpojniceUi10updateTimeEv
FN:97,_ZN10SpojniceUi14initControllerEv
FN:102,_ZNK10SpojniceUi18getCurrentRowValueEi
FN:136,_ZN10SpojniceUi19markLabelAsFinishedEibii
FN:290,_ZN10SpojniceUi17markLabelAsMissedEib
FN:351,_ZN10SpojniceUi15markLabelAsNextEi
FN:395,_ZN10SpojniceUi17removeButtonColorEi
FN:441,_ZNK10SpojniceUi4timeEv
FN:446,_ZN10SpojniceUi7setTimeEi
FN:452,_ZN10SpojniceUi9on_btRhs1Ev
FN:458,_ZN10SpojniceUi9on_btRhs2Ev
FN:464,_ZN10SpojniceUi9on_btRhs3Ev
FN:470,_ZN10SpojniceUi9on_btRhs4Ev
FN:476,_ZN10SpojniceUi9on_btRhs5Ev
FN:482,_ZN10SpojniceUi9on_btRhs6Ev
FN:488,_ZN10SpojniceUi9on_btRhs7Ev
FN:494,_ZN10SpojniceUi9on_btRhs8Ev
FN:500,_ZNK10SpojniceUi13playerPoints2Ev
FN:505,_ZN10SpojniceUi16setPlayerPoints2Ei
FN:510,_ZNK10SpojniceUi13playerPoints1Ev
FN:515,_ZN10SpojniceUi16setPlayerPoints1Ei
FN:520,_ZNK10SpojniceUi2idEv
FN:525,_ZN10SpojniceUi5setIdEi
FN:530,_ZNK10SpojniceUi4turnEv
FN:535,_ZN10SpojniceUi7setTurnEb
FN:540,_ZN10SpojniceUi9readyReadEv
FN:557,_ZN10SpojniceUi10showFieldsE5QListI7QStringE
FN:578,_ZN10SpojniceUi12updatePointsE5QListI7QStringE
FN:671,_ZN10SpojniceUi13disableButtonEi
FN:707,_ZN10SpojniceUi12disableLabelEi
FN:742,_ZN10SpojniceUi10disableAllEv
FN:748,_ZN10SpojniceUi8nextGameEv
FN:754,_ZN10SpojniceUi25addButtonsAndLabelsToMapsEv
FN:778,_ZN10SpojniceUi25enableAllRemainingButtonsEv
FN:785,_ZN10SpojniceUi10changeTurnEv
FN:799,_ZN10SpojniceUi17getSpojnicaFieldsEv
FN:808,_ZN10SpojniceUi11sendMessageEP10QTcpSocket7QString
FN:814,_ZN10SpojniceUi22getNextNonGuessedLabelEv
FN:828,_ZN10SpojniceUi14spojniceNumberEv
FN:833,_ZN10SpojniceUi5getUiEv
FN:838,_ZN10SpojniceUi10getResultsEv
FN:844,_ZN10SpojniceUi11showResultsE5QListI7QStringE
FNDA:5,_ZN10SpojniceUi14initControllerEv
FNDA:0,_ZN10SpojniceUi19markLabelAsFinishedEibii
FNDA:0,_ZNK10SpojniceUi18getCurrentRowValueEi
FNDA:1,_ZNK10SpojniceUi13playerPoints2Ev
FNDA:0,_ZN10SpojniceUiD2Ev
FNDA:1,_ZNK10SpojniceUi13playerPoints1Ev
FNDA:0,_ZN10SpojniceUi7setTurnEb
FNDA:6,_ZN10SpojniceUi25addButtonsAndLabelsToMapsEv
FNDA:5,_ZN10SpojniceUi10disableAllEv
FNDA:0,_ZN10SpojniceUi9on_btRhs4Ev
FNDA:0,_ZN10SpojniceUi16setPlayerPoints1Ei
FNDA:0,_ZN10SpojniceUi15markLabelAsNextEi
FNDA:5,_ZN10SpojniceUiC2EP7QWidgetP10QTcpSocketi7QStringS4_iii
FNDA:0,_ZN10SpojniceUi22getNextNonGuessedLabelEv
FNDA:0,_ZN10SpojniceUi11showResultsE5QListI7QStringE
FNDA:0,_ZN10SpojniceUi9on_btRhs6Ev
FNDA:0,_ZN10SpojniceUi9on_btRhs7Ev
FNDA:0,_ZN10SpojniceUi9readyReadEv
FNDA:0,_ZN10SpojniceUi17removeButtonColorEi
FNDA:1,_ZNK10SpojniceUi2idEv
FNDA:0,_ZN10SpojniceUi17markLabelAsMissedEib
FNDA:1,_ZNK10SpojniceUi4timeEv
FNDA:0,_ZN10SpojniceUi14spojniceNumberEv
FNDA:0,_ZN10SpojniceUi9on_btRhs3Ev
FNDA:0,_ZN10SpojniceUi9on_btRhs8Ev
FNDA:0,_ZN10SpojniceUi8nextGameEv
FNDA:0,_ZN10SpojniceUi11sendMessageEP10QTcpSocket7QString
FNDA:0,_ZN10SpojniceUi10getResultsEv
FNDA:0,_ZN10SpojniceUi12updatePointsE5QListI7QStringE
FNDA:1,_ZN10SpojniceUi7setTimeEi
FNDA:0,_ZN10SpojniceUi10changeTurnEv
FNDA:0,_ZN10SpojniceUi12disableLabelEi
FNDA:0,_ZN10SpojniceUi5setIdEi
FNDA:0,_ZN10SpojniceUi17getSpojnicaFieldsEv
FNDA:0,_ZN10SpojniceUi16setPlayerPoints2Ei
FNDA:1,_ZN10SpojniceUi10showFieldsE5QListI7QStringE
FNDA:0,_ZNK10SpojniceUi4turnEv
FNDA:0,_ZN10SpojniceUiD0Ev
FNDA:0,_ZN10SpojniceUi13disableButtonEi
FNDA:0,_ZN10SpojniceUi9on_btRhs5Ev
FNDA:1,_ZN10SpojniceUi10updateTimeEv
FNDA:0,_ZN10SpojniceUi9on_btRhs2Ev
FNDA:3,_ZN10SpojniceUi5getUiEv
FNDA:0,_ZN10SpojniceUi10on_timesUpEv
FNDA:1,_ZN10SpojniceUi25enableAllRemainingButtonsEv
FNDA:0,_ZN10SpojniceUi9on_btRhs1Ev
FNF:46
FNH:13
BRDA:14,0,0,5
BRDA:14,0,1,0
BRDA:14,0,2,5
BRDA:14,0,3,0
BRDA:16,0,0,5
BRDA:16,0,1,0
BRDA:16,0,2,5
BRDA:16,0,3,0
BRDA:16,0,4,5
BRDA:16,0,5,0
BRDA:24,0,0,5
BRDA:24,0,1,0
BRDA:26,0,0,5
BRDA:26,0,1,0
BRDA:27,0,0,5
BRDA:27,0,1,0
BRDA:28,0,0,5
BRDA:28,0,1,0
BRDA:29,0,0,5
BRDA:29,0,1,0
BRDA:30,0,0,5
BRDA:30,0,1,0
BRDA:31,0,0,5
BRDA:31,0,1,0
BRDA:32,0,0,5
BRDA:32,0,1,0
BRDA:33,0,0,5
BRDA:33,0,1,0
BRDA:34,0,0,5
BRDA:34,0,1,0
BRDA:36,0,0,5
BRDA:36,0,1,0
BRDA:37,0,0,5
BRDA:37,0,1,0
BRDA:38,0,0,5
BRDA:38,0,1,0
BRDA:40,0,0,0
BRDA:40,0,1,5
BRDA:43,0,0,-
BRDA:43,0,1,-
BRDA:44,0,0,-
BRDA:44,0,1,-
BRDA:49,0,0,5
BRDA:49,0,1,0
BRDA:52,0,0,5
BRDA:52,0,1,0
BRDA:54,0,0,5
BRDA:54,0,1,0
BRDA:55,0,0,5
BRDA:55,0,1,0
BRDA:57,0,0,5
BRDA:57,0,1,0
BRDA:58,0,0,5
BRDA:58,0,1,0
BRDA:62,0,0,5
BRDA:62,0,1,0
BRDA:62,0,2,5
BRDA:62,0,3,0
BRDA:64,0,0,5
BRDA:64,0,1,0
BRDA:64,0,2,5
BRDA:64,0,3,0
BRDA:64,0,4,5
BRDA:64,0,5,0
BRDA:65,0,0,5
BRDA:65,0,1,0
BRDA:67,0,0,5
BRDA:67,0,1,0
BRDA:68,0,0,5
BRDA:68,0,1,0
BRDA:68,0,2,5
BRDA:68,0,3,0
BRDA:74,0,0,-
BRDA:74,0,1,-
BRDA:75,0,0,-
BRDA:75,0,1,-
BRDA:80,0,0,-
BRDA:80,0,1,-
BRDA:80,0,2,-
BRDA:80,0,3,-
BRDA:81,0,0,-
BRDA:81,0,1,-
BRDA:87,0,0,1
BRDA:87,0,1,0
BRDA:88,0,0,1
BRDA:88,0,1,0
BRDA:91,0,0,0
BRDA:91,0,1,1
BRDA:99,0,0,5
BRDA:99,0,1,0
BRDA:104,0,0,-
BRDA:104,0,1,-
BRDA:104,0,2,-
BRDA:104,0,3,-
BRDA:104,0,4,-
BRDA:104,0,5,-
BRDA:104,0,6,-
BRDA:104,0,7,-
BRDA:104,0,8,-
BRDA:130,0,0,-
BRDA:130,0,1,-
BRDA:130,0,2,-
BRDA:130,0,3,-
BRDA:138,0,0,-
BRDA:138,0,1,-
BRDA:138,0,2,-
BRDA:138,0,3,-
BRDA:138,0,4,-
BRDA:138,0,5,-
BRDA:140,0,0,-
BRDA:140,0,1,-
BRDA:141,0,0,-
BRDA:141,0,1,-
BRDA:143,0,0,-
BRDA:143,0,1,-
BRDA:147,0,0,-
BRDA:147,0,1,-
BRDA:149,0,0,-
BRDA:149,0,1,-
BRDA:150,0,0,-
BRDA:150,0,1,-
BRDA:151,0,0,-
BRDA:151,0,1,-
BRDA:151,0,2,-
BRDA:151,0,3,-
BRDA:151,0,4,-
BRDA:151,0,5,-
BRDA:151,0,6,-
BRDA:151,0,7,-
BRDA:151,0,8,-
BRDA:153,0,0,-
BRDA:153,0,1,-
BRDA:154,0,0,-
BRDA:154,0,1,-
BRDA:156,0,0,-
BRDA:156,0,1,-
BRDA:157,0,0,-
BRDA:157,0,1,-
BRDA:158,0,0,-
BRDA:158,0,1,-
BRDA:162,0,0,-
BRDA:162,0,1,-
BRDA:163,0,0,-
BRDA:163,0,1,-
BRDA:165,0,0,-
BRDA:165,0,1,-
BRDA:166,0,0,-
BRDA:166,0,1,-
BRDA:167,0,0,-
BRDA:167,0,1,-
BRDA:171,0,0,-
BRDA:171,0,1,-
BRDA:172,0,0,-
BRDA:172,0,1,-
BRDA:174,0,0,-
BRDA:174,0,1,-
BRDA:175,0,0,-
BRDA:175,0,1,-
BRDA:176,0,0,-
BRDA:176,0,1,-
BRDA:180,0,0,-
BRDA:180,0,1,-
BRDA:181,0,0,-
BRDA:181,0,1,-
BRDA:183,0,0,-
BRDA:183,0,1,-
BRDA:184,0,0,-
BRDA:184,0,1,-
BRDA:185,0,0,-
BRDA:185,0,1,-
BRDA:189,0,0,-
BRDA:189,0,1,-
BRDA:190,0,0,-
BRDA:190,0,1,-
BRDA:192,0,0,-
BRDA:192,0,1,-
BRDA:193,0,0,-
BRDA:193,0,1,-
BRDA:194,0,0,-
BRDA:194,0,1,-
BRDA:198,0,0,-
BRDA:198,0,1,-
BRDA:199,0,0,-
BRDA:199,0,1,-
BRDA:201,0,0,-
BRDA:201,0,1,-
BRDA:202,0,0,-
BRDA:202,0,1,-
BRDA:203,0,0,-
BRDA:203,0,1,-
BRDA:207,0,0,-
BRDA:207,0,1,-
BRDA:208,0,0,-
BRDA:208,0,1,-
BRDA:210,0,0,-
BRDA:210,0,1,-
BRDA:211,0,0,-
BRDA:211,0,1,-
BRDA:212,0,0,-
BRDA:212,0,1,-
BRDA:216,0,0,-
BRDA:216,0,1,-
BRDA:217,0,0,-
BRDA:217,0,1,-
BRDA:219,0,0,-
BRDA:219,0,1,-
BRDA:223,0,0,-
BRDA:223,0,1,-
BRDA:223,0,2,-
BRDA:223,0,3,-
BRDA:227,0,0,-
BRDA:227,0,1,-
BRDA:227,0,2,-
BRDA:227,0,3,-
BRDA:227,0,4,-
BRDA:227,0,5,-
BRDA:227,0,6,-
BRDA:227,0,7,-
BRDA:227,0,8,-
BRDA:229,0,0,-
BRDA:229,0,1,-
BRDA:230,0,0,-
BRDA:230,0,1,-
BRDA:232,0,0,-
BRDA:232,0,1,-
BRDA:236,0,0,-
BRDA:236,0,1,-
BRDA:237,0,0,-
BRDA:237,0,1,-
BRDA:239,0,0,-
BRDA:239,0,1,-
BRDA:243,0,0,-
BRDA:243,0,1,-
BRDA:244,0,0,-
BRDA:244,0,1,-
BRDA:246,0,0,-
BRDA:246,0,1,-
BRDA:250,0,0,-
BRDA:250,0,1,-
BRDA:251,0,0,-
BRDA:251,0,1,-
BRDA:253,0,0,-
BRDA:253,0,1,-
BRDA:257,0,0,-
BRDA:257,0,1,-
BRDA:258,0,0,-
BRDA:258,0,1,-
BRDA:260,0,0,-
BRDA:260,0,1,-
BRDA:264,0,0,-
BRDA:264,0,1,-
BRDA:265,0,0,-
BRDA:265,0,1,-
BRDA:267,0,0,-
BRDA:267,0,1,-
BRDA:271,0,0,-
BRDA:271,0,1,-
BRDA:272,0,0,-
BRDA:272,0,1,-
BRDA:274,0,0,-
BRDA:274,0,1,-
BRDA:278,0,0,-
BRDA:278,0,1,-
BRDA:279,0,0,-
BRDA:279,0,1,-
BRDA:281,0,0,-
BRDA:281,0,1,-
BRDA:285,0,0,-
BRDA:285,0,1,-
BRDA:285,0,2,-
BRDA:285,0,3,-
BRDA:294,0,0,-
BRDA:294,0,1,-
BRDA:297,0,0,-
BRDA:297,0,1,-
BRDA:298,0,0,-
BRDA:298,0,1,-
BRDA:298,0,2,-
BRDA:298,0,3,-
BRDA:298,0,4,-
BRDA:298,0,5,-
BRDA:298,0,6,-
BRDA:298,0,7,-
BRDA:298,0,8,-
BRDA:300,0,0,-
BRDA:300,0,1,-
BRDA:301,0,0,-
BRDA:301,0,1,-
BRDA:302,0,0,-
BRDA:302,0,1,-
BRDA:306,0,0,-
BRDA:306,0,1,-
BRDA:307,0,0,-
BRDA:307,0,1,-
BRDA:308,0,0,-
BRDA:308,0,1,-
BRDA:312,0,0,-
BRDA:312,0,1,-
BRDA:313,0,0,-
BRDA:313,0,1,-
BRDA:314,0,0,-
BRDA:314,0,1,-
BRDA:318,0,0,-
BRDA:318,0,1,-
BRDA:319,0,0,-
BRDA:319,0,1,-
BRDA:320,0,0,-
BRDA:320,0,1,-
BRDA:324,0,0,-
BRDA:324,0,1,-
BRDA:325,0,0,-
BRDA:325,0,1,-
BRDA:326,0,0,-
BRDA:326,0,1,-
BRDA:330,0,0,-
BRDA:330,0,1,-
BRDA:331,0,0,-
BRDA:331,0,1,-
BRDA:332,0,0,-
BRDA:332,0,1,-
BRDA:336,0,0,-
BRDA:336,0,1,-
BRDA:337,0,0,-
BRDA:337,0,1,-
BRDA:338,0,0,-
BRDA:338,0,1,-
BRDA:342,0,0,-
BRDA:342,0,1,-
BRDA:346,0,0,-
BRDA:346,0,1,-
BRDA:346,0,2,-
BRDA:346,0,3,-
BRDA:355,0,0,-
BRDA:355,0,1,-
BRDA:356,0,0,-
BRDA:356,0,1,-
BRDA:356,0,2,-
BRDA:356,0,3,-
BRDA:356,0,4,-
BRDA:356,0,5,-
BRDA:356,0,6,-
BRDA:356,0,7,-
BRDA:356,0,8,-
BRDA:358,0,0,-
BRDA:358,0,1,-
BRDA:362,0,0,-
BRDA:362,0,1,-
BRDA:366,0,0,-
BRDA:366,0,1,-
BRDA:370,0,0,-
BRDA:370,0,1,-
BRDA:374,0,0,-
BRDA:374,0,1,-
BRDA:378,0,0,-
BRDA:378,0,1,-
BRDA:382,0,0,-
BRDA:382,0,1,-
BRDA:386,0,0,-
BRDA:386,0,1,-
BRDA:390,0,0,-
BRDA:390,0,1,-
BRDA:390,0,2,-
BRDA:390,0,3,-
BRDA:399,0,0,-
BRDA:399,0,1,-
BRDA:401,0,0,-
BRDA:401,0,1,-
BRDA:401,0,2,-
BRDA:401,0,3,-
BRDA:401,0,4,-
BRDA:401,0,5,-
BRDA:401,0,6,-
BRDA:401,0,7,-
BRDA:401,0,8,-
BRDA:403,0,0,-
BRDA:403,0,1,-
BRDA:407,0,0,-
BRDA:407,0,1,-
BRDA:411,0,0,-
BRDA:411,0,1,-
BRDA:415,0,0,-
BRDA:415,0,1,-
BRDA:419,0,0,-
BRDA:419,0,1,-
BRDA:423,0,0,-
BRDA:423,0,1,-
BRDA:427,0,0,-
BRDA:427,0,1,-
BRDA:431,0,0,-
BRDA:431,0,1,-
BRDA:435,0,0,-
BRDA:435,0,1,-
BRDA:435,0,2,-
BRDA:435,0,3,-
BRDA:542,0,0,-
BRDA:542,0,1,-
BRDA:542,0,2,-
BRDA:542,0,3,-
BRDA:543,0,0,-
BRDA:543,0,1,-
BRDA:544,0,0,-
BRDA:544,0,1,-
BRDA:544,0,2,-
BRDA:544,0,3,-
BRDA:544,0,4,-
BRDA:544,0,5,-
BRDA:546,0,0,-
BRDA:546,0,1,-
BRDA:546,0,2,-
BRDA:546,0,3,-
BRDA:547,0,0,-
BRDA:547,0,1,-
BRDA:548,0,0,-
BRDA:548,0,1,-
BRDA:548,0,2,-
BRDA:548,0,3,-
BRDA:550,0,0,-
BRDA:550,0,1,-
BRDA:550,0,2,-
BRDA:550,0,3,-
BRDA:551,0,0,-
BRDA:551,0,1,-
BRDA:554,0,0,-
BRDA:554,0,1,-
BRDA:587,0,0,-
BRDA:587,0,1,-
BRDA:593,0,0,-
BRDA:593,0,1,-
BRDA:595,0,0,-
BRDA:595,0,1,-
BRDA:604,0,0,-
BRDA:604,0,1,-
BRDA:612,0,0,-
BRDA:612,0,1,-
BRDA:619,0,0,-
BRDA:619,0,1,-
BRDA:630,0,0,-
BRDA:630,0,1,-
BRDA:633,0,0,-
BRDA:633,0,1,-
BRDA:640,0,0,-
BRDA:640,0,1,-
BRDA:647,0,0,-
BRDA:647,0,1,-
BRDA:649,0,0,-
BRDA:649,0,1,-
BRDA:652,0,0,-
BRDA:652,0,1,-
BRDA:655,0,0,-
BRDA:655,0,1,-
BRDA:663,0,0,-
BRDA:663,0,1,-
BRDA:667,0,0,-
BRDA:667,0,1,-
BRDA:674,0,0,-
BRDA:674,0,1,-
BRDA:674,0,2,-
BRDA:674,0,3,-
BRDA:674,0,4,-
BRDA:674,0,5,-
BRDA:674,0,6,-
BRDA:674,0,7,-
BRDA:674,0,8,-
BRDA:703,0,0,-
BRDA:703,0,1,-
BRDA:704,0,0,-
BRDA:704,0,1,-
BRDA:710,0,0,-
BRDA:710,0,1,-
BRDA:710,0,2,-
BRDA:710,0,3,-
BRDA:710,0,4,-
BRDA:710,0,5,-
BRDA:710,0,6,-
BRDA:710,0,7,-
BRDA:710,0,8,-
BRDA:739,0,0,-
BRDA:739,0,1,-
BRDA:744,0,0,5
BRDA:744,0,1,0
BRDA:744,0,2,5
BRDA:744,0,3,0
BRDA:744,0,4,5
BRDA:744,0,5,0
BRDA:744,0,6,40
BRDA:744,0,7,5
BRDA:745,0,0,40
BRDA:745,0,1,0
BRDA:780,0,0,1
BRDA:780,0,1,0
BRDA:780,0,2,1
BRDA:780,0,3,0
BRDA:780,0,4,1
BRDA:780,0,5,0
BRDA:780,0,6,8
BRDA:780,0,7,1
BRDA:781,0,0,8
BRDA:781,0,1,0
BRDA:781,0,2,8
BRDA:781,0,3,0
BRDA:782,0,0,8
BRDA:782,0,1,0
BRDA:793,0,0,-
BRDA:793,0,1,-
BRDA:801,0,0,-
BRDA:801,0,1,-
BRDA:802,0,0,-
BRDA:802,0,1,-
BRDA:803,0,0,-
BRDA:803,0,1,-
BRDA:803,0,2,-
BRDA:803,0,3,-
BRDA:805,0,0,-
BRDA:805,0,1,-
BRDA:810,0,0,-
BRDA:810,0,1,-
BRDA:816,0,0,-
BRDA:816,0,1,-
BRDA:816,0,2,-
BRDA:816,0,3,-
BRDA:816,0,4,-
BRDA:816,0,5,-
BRDA:818,0,0,-
BRDA:818,0,1,-
BRDA:840,0,0,-
BRDA:840,0,1,-
BRDA:840,0,2,-
BRDA:840,0,3,-
BRDA:840,0,4,-
BRDA:840,0,5,-
BRDA:840,0,6,-
BRDA:840,0,7,-
BRDA:841,0,0,-
BRDA:841,0,1,-
BRDA:846,0,0,-
BRDA:846,0,1,-
BRDA:846,0,2,-
BRDA:846,0,3,-
BRDA:847,0,0,-
BRDA:847,0,1,-
BRDA:849,0,0,-
BRDA:849,0,1,-
BRDA:852,0,0,-
BRDA:852,0,1,-
BRDA:858,0,0,-
BRDA:858,0,1,-
BRF:546
BRH:52
DA:7,5
DA:9,10
DA:10,5
DA:11,5
DA:12,5
DA:13,5
DA:14,5
DA:16,5
DA:18,5
DA:19,5
DA:20,5
DA:21,5
DA:22,5
DA:23,5
DA:24,5
DA:26,5
DA:27,5
DA:28,5
DA:29,5
DA:30,5
DA:31,5
DA:32,5
DA:33,5
DA:34,5
DA:36,5
DA:37,5
DA:38,5
DA:40,5
DA:42,0
DA:43,0
DA:44,0
DA:48,5
DA:49,5
DA:52,5
DA:54,5
DA:55,5
DA:57,5
DA:58,5
DA:61,5
DA:62,5
DA:64,5
DA:65,5
DA:67,5
DA:68,5
DA:70,5
DA:72,0
DA:74,0
DA:75,0
DA:76,0
DA:78,0
DA:80,0
DA:81,0
DA:82,0
DA:83,0
DA:85,1
DA:87,1
DA:88,1
DA:91,1
DA:92,0
DA:95,1
DA:97,5
DA:99,5
DA:100,5
DA:102,0
DA:104,0
DA:105,0
DA:106,0
DA:108,0
DA:109,0
DA:111,0
DA:112,0
DA:114,0
DA:115,0
DA:117,0
DA:118,0
DA:120,0
DA:121,0
DA:123,0
DA:124,0
DA:126,0
DA:127,0
DA:129,0
DA:130,0
DA:131,0
DA:136,0
DA:138,0
DA:140,0
DA:141,0
DA:143,0
DA:147,0
DA:149,0
DA:150,0
DA:151,0
DA:152,0
DA:153,0
DA:154,0
DA:156,0
DA:157,0
DA:158,0
DA:159,0
DA:161,0
DA:162,0
DA:163,0
DA:165,0
DA:166,0
DA:167,0
DA:168,0
DA:170,0
DA:171,0
DA:172,0
DA:174,0
DA:175,0
DA:176,0
DA:177,0
DA:179,0
DA:180,0
DA:181,0
DA:183,0
DA:184,0
DA:185,0
DA:186,0
DA:188,0
DA:189,0
DA:190,0
DA:192,0
DA:193,0
DA:194,0
DA:195,0
DA:197,0
DA:198,0
DA:199,0
DA:201,0
DA:202,0
DA:203,0
DA:204,0
DA:206,0
DA:207,0
DA:208,0
DA:210,0
DA:211,0
DA:212,0
DA:213,0
DA:215,0
DA:216,0
DA:217,0
DA:219,0
DA:220,0
DA:222,0
DA:223,0
DA:227,0
DA:228,0
DA:229,0
DA:230,0
DA:232,0
DA:233,0
DA:235,0
DA:236,0
DA:237,0
DA:239,0
DA:240,0
DA:242,0
DA:243,0
DA:244,0
DA:246,0
DA:247,0
DA:249,0
DA:250,0
DA:251,0
DA:253,0
DA:254,0
DA:256,0
DA:257,0
DA:258,0
DA:260,0
DA:261,0
DA:263,0
DA:264,0
DA:265,0
DA:267,0
DA:268,0
DA:270,0
DA:271,0
DA:272,0
DA:274,0
DA:275,0
DA:277,0
DA:278,0
DA:279,0
DA:281,0
DA:282,0
DA:284,0
DA:285,0
DA:288,0
DA:290,0
DA:294,0
DA:297,0
DA:298,0
DA:299,0
DA:300,0
DA:301,0
DA:302,0
DA:303,0
DA:305,0
DA:306,0
DA:307,0
DA:308,0
DA:309,0
DA:311,0
DA:312,0
DA:313,0
DA:314,0
DA:315,0
DA:317,0
DA:318,0
DA:319,0
DA:320,0
DA:321,0
DA:323,0
DA:324,0
DA:325,0
DA:326,0
DA:327,0
DA:329,0
DA:330,0
DA:331,0
DA:332,0
DA:333,0
DA:335,0
DA:336,0
DA:337,0
DA:338,0
DA:339,0
DA:341,0
DA:342,0
DA:343,0
DA:345,0
DA:346,0
DA:349,0
DA:351,0
DA:355,0
DA:356,0
DA:357,0
DA:358,0
DA:359,0
DA:361,0
DA:362,0
DA:363,0
DA:365,0
DA:366,0
DA:367,0
DA:369,0
DA:370,0
DA:371,0
DA:373,0
DA:374,0
DA:375,0
DA:377,0
DA:378,0
DA:379,0
DA:381,0
DA:382,0
DA:383,0
DA:385,0
DA:386,0
DA:387,0
DA:389,0
DA:390,0
DA:393,0
DA:395,0
DA:399,0
DA:401,0
DA:402,0
DA:403,0
DA:404,0
DA:406,0
DA:407,0
DA:408,0
DA:410,0
DA:411,0
DA:412,0
DA:414,0
DA:415,0
DA:416,0
DA:418,0
DA:419,0
DA:420,0
DA:422,0
DA:423,0
DA:424,0
DA:426,0
DA:427,0
DA:428,0
DA:430,0
DA:431,0
DA:432,0
DA:434,0
DA:435,0
DA:436,0
DA:439,0
DA:441,1
DA:443,1
DA:446,1
DA:448,1
DA:449,1
DA:452,0
DA:454,0
DA:455,0
DA:456,0
DA:458,0
DA:460,0
DA:461,0
DA:462,0
DA:464,0
DA:466,0
DA:467,0
DA:468,0
DA:470,0
DA:472,0
DA:473,0
DA:474,0
DA:476,0
DA:478,0
DA:479,0
DA:480,0
DA:482,0
DA:484,0
DA:485,0
DA:486,0
DA:488,0
DA:490,0
DA:491,0
DA:492,0
DA:494,0
DA:496,0
DA:497,0
DA:498,0
DA:500,1
DA:502,1
DA:505,0
DA:507,0
DA:508,0
DA:510,1
DA:512,1
DA:515,0
DA:517,0
DA:518,0
DA:520,1
DA:522,1
DA:525,0
DA:527,0
DA:528,0
DA:530,0
DA:532,0
DA:535,0
DA:537,0
DA:538,0
DA:540,0
DA:542,0
DA:543,0
DA:544,0
DA:546,0
DA:547,0
DA:548,0
DA:550,0
DA:551,0
DA:554,0
DA:555,0
DA:557,1
DA:559,1
DA:560,1
DA:561,1
DA:562,1
DA:563,1
DA:564,1
DA:565,1
DA:566,1
DA:568,1
DA:569,1
DA:570,1
DA:571,1
DA:572,1
DA:573,1
DA:574,1
DA:575,1
DA:576,1
DA:578,0
DA:580,0
DA:582,0
DA:583,0
DA:585,0
DA:586,0
DA:587,0
DA:588,0
DA:591,0
DA:592,0
DA:593,0
DA:595,0
DA:597,0
DA:598,0
DA:600,0
DA:601,0
DA:603,0
DA:604,0
DA:605,0
DA:606,0
DA:609,0
DA:611,0
DA:612,0
DA:613,0
DA:616,0
DA:619,0
DA:621,0
DA:623,0
DA:624,0
DA:626,0
DA:627,0
DA:629,0
DA:630,0
DA:631,0
DA:632,0
DA:633,0
DA:634,0
DA:636,0
DA:640,0
DA:641,0
DA:643,0
DA:644,0
DA:647,0
DA:649,0
DA:651,0
DA:652,0
DA:653,0
DA:655,0
DA:657,0
DA:658,0
DA:662,0
DA:663,0
DA:664,0
DA:667,0
DA:668,0
DA:671,0
DA:673,0
DA:674,0
DA:675,0
DA:676,0
DA:677,0
DA:678,0
DA:679,0
DA:680,0
DA:681,0
DA:682,0
DA:683,0
DA:684,0
DA:685,0
DA:686,0
DA:687,0
DA:688,0
DA:689,0
DA:690,0
DA:691,0
DA:692,0
DA:693,0
DA:694,0
DA:695,0
DA:696,0
DA:697,0
DA:698,0
DA:699,0
DA:700,0
DA:703,0
DA:704,0
DA:705,0
DA:707,0
DA:709,0
DA:710,0
DA:711,0
DA:712,0
DA:713,0
DA:714,0
DA:715,0
DA:716,0
DA:717,0
DA:718,0
DA:719,0
DA:720,0
DA:721,0
DA:722,0
DA:723,0
DA:724,0
DA:725,0
DA:726,0
DA:727,0
DA:728,0
DA:729,0
DA:730,0
DA:731,0
DA:732,0
DA:733,0
DA:734,0
DA:735,0
DA:736,0
DA:739,0
DA:740,0
DA:742,5
DA:744,45
DA:745,45
DA:746,5
DA:748,0
DA:750,0
DA:751,0
DA:752,0
DA:754,6
DA:756,6
DA:757,6
DA:759,6
DA:760,6
DA:761,6
DA:762,6
DA:763,6
DA:764,6
DA:765,6
DA:766,6
DA:768,6
DA:769,6
DA:770,6
DA:771,6
DA:772,6
DA:773,6
DA:774,6
DA:775,6
DA:776,6
DA:778,1
DA:780,9
DA:781,8
DA:782,9
DA:783,1
DA:785,0
DA:787,0
DA:789,0
DA:790,0
DA:791,0
DA:793,0
DA:794,0
DA:796,0
DA:797,0
DA:799,0
DA:801,0
DA:802,0
DA:803,0
DA:805,0
DA:806,0
DA:808,0
DA:810,0
DA:811,0
DA:812,0
DA:814,0
DA:816,0
DA:817,0
DA:818,0
DA:820,0
DA:821,0
DA:824,0
DA:828,0
DA:830,0
DA:833,3
DA:835,3
DA:838,0
DA:840,0
DA:841,0
DA:842,0
DA:844,0
DA:846,0
DA:847,0
DA:849,0
DA:851,0
DA:852,0
DA:853,0
DA:855,0
DA:858,0
DA:859,0
LF:580
LH:110
end_of_record
TN:
SF:/home/pavle/Desktop/2023_Analysis_04-slagalica/04-slagalica/src/slagalica/winnerui.cpp
FN:5,_ZN8WinnerUiC2EP7QWidgetP10QTcpSocketi7QStringS4_ii
FN:74,_ZN8WinnerUi11checkWinnerEv
FN:94,_ZN8WinnerUi11sendMessageEP10QTcpSocket7QString
FN:100,_ZN8WinnerUi20on_pbMainMenuClickedEv
FN:105,_ZN8WinnerUiD0Ev
FN:105,_ZN8WinnerUiD2Ev
FNDA:0,_ZN8WinnerUiD0Ev
FNDA:5,_ZN8WinnerUiC2EP7QWidgetP10QTcpSocketi7QStringS4_ii
FNDA:10,_ZN8WinnerUi11checkWinnerEv
FNDA:5,_ZN8WinnerUiD2Ev
FNDA:0,_ZN8WinnerUi20on_pbMainMenuClickedEv
FNDA:4,_ZN8WinnerUi11sendMessageEP10QTcpSocket7QString
FNF:6
FNH:4
BRDA:13,0,0,5
BRDA:13,0,1,0
BRDA:13,0,2,5
BRDA:13,0,3,0
BRDA:15,0,0,5
BRDA:15,0,1,0
BRDA:17,0,0,5
BRDA:17,0,1,0
BRDA:18,0,0,5
BRDA:18,0,1,0
BRDA:19,0,0,5
BRDA:19,0,1,0
BRDA:21,0,0,5
BRDA:21,0,1,0
BRDA:22,0,0,5
BRDA:22,0,1,0
BRDA:27,0,0,5
BRDA:27,0,1,0
BRDA:29,0,0,2
BRDA:29,0,1,3
BRDA:30,0,0,2
BRDA:30,0,1,0
BRDA:32,0,0,2
BRDA:32,0,1,0
BRDA:32,0,2,2
BRDA:32,0,3,0
BRDA:37,0,0,2
BRDA:37,0,1,0
BRDA:38,0,0,2
BRDA:38,0,1,0
BRDA:39,0,0,2
BRDA:39,0,1,0
BRDA:39,0,2,2
BRDA:39,0,3,0
BRDA:41,0,0,2
BRDA:41,0,1,0
BRDA:41,0,2,2
BRDA:41,0,3,0
BRDA:43,0,0,2
BRDA:43,0,1,1
BRDA:44,0,0,2
BRDA:44,0,1,0
BRDA:46,0,0,2
BRDA:46,0,1,0
BRDA:46,0,2,2
BRDA:46,0,3,0
BRDA:51,0,0,2
BRDA:51,0,1,0
BRDA:52,0,0,2
BRDA:52,0,1,0
BRDA:53,0,0,2
BRDA:53,0,1,0
BRDA:53,0,2,2
BRDA:53,0,3,0
BRDA:55,0,0,2
BRDA:55,0,1,0
BRDA:55,0,2,2
BRDA:55,0,3,0
BRDA:57,0,0,1
BRDA:57,0,1,0
BRDA:58,0,0,1
BRDA:58,0,1,0
BRDA:60,0,0,1
BRDA:60,0,1,0
BRDA:60,0,2,1
BRDA:60,0,3,0
BRDA:65,0,0,1
BRDA:65,0,1,0
BRDA:66,0,0,1
BRDA:66,0,1,0
BRDA:67,0,0,1
BRDA:67,0,1,0
BRDA:67,0,2,1
BRDA:67,0,3,0
BRDA:69,0,0,1
BRDA:69,0,1,0
BRDA:69,0,2,1
BRDA:69,0,3,0
BRDA:76,0,0,2
BRDA:76,0,1,8
BRDA:79,0,0,4
BRDA:79,0,1,4
BRDA:80,0,0,4
BRDA:80,0,1,4
BRDA:82,0,0,4
BRDA:82,0,1,4
BRDA:83,0,0,4
BRDA:83,0,1,0
BRDA:85,0,0,4
BRDA:85,0,1,0
BRDA:96,0,0,4
BRDA:96,0,1,0
BRDA:107,0,0,5
BRDA:107,0,1,0
BRF:94
BRH:53
DA:5,5
DA:7,10
DA:8,5
DA:9,5
DA:10,5
DA:11,5
DA:12,5
DA:13,5
DA:15,5
DA:17,5
DA:18,5
DA:19,5
DA:21,5
DA:22,5
DA:24,5
DA:25,5
DA:27,5
DA:29,5
DA:30,2
DA:31,2
DA:32,2
DA:37,2
DA:38,2
DA:39,2
DA:41,2
DA:43,5
DA:44,2
DA:45,2
DA:46,2
DA:51,2
DA:52,2
DA:53,2
DA:55,2
DA:57,3
DA:58,1
DA:59,1
DA:60,1
DA:65,1
DA:66,1
DA:67,1
DA:69,1
DA:71,1
DA:72,5
DA:74,10
DA:76,10
DA:77,2
DA:79,8
DA:80,8
DA:82,8
DA:83,4
DA:85,4
DA:88,4
DA:89,4
DA:91,4
DA:92,8
DA:94,4
DA:96,4
DA:97,4
DA:98,4
DA:100,0
DA:102,0
DA:103,0
DA:105,5
DA:107,5
DA:108,5
LF:65
LH:62
end_of_record
